[0.037s] Invoking command in '/home/student/git/41068_ws/src/rs1_2025_soil/build/planting_conditions': CMAKE_PREFIX_PATH=${CMAKE_PREFIX_PATH}:/home/student/git/41068_ws/install/ugv_dashboard_gui:/home/student/git/41068_ws/install/telemetry_node_pkg:/opt/ros/humble /usr/bin/cmake --build /home/student/git/41068_ws/src/rs1_2025_soil/build/planting_conditions -- -j8 -l8
[1.215s] -- Found ament_cmake: 1.3.12 (/opt/ros/humble/share/ament_cmake/cmake)
[1.215s] -- Override CMake install command with custom implementation using symlinks instead of copying resources
[1.215s] -- Found rclcpp: 16.0.15 (/opt/ros/humble/share/rclcpp/cmake)
[1.216s] -- Found rosidl_generator_c: 3.1.7 (/opt/ros/humble/share/rosidl_generator_c/cmake)
[1.216s] -- Found rosidl_adapter: 3.1.7 (/opt/ros/humble/share/rosidl_adapter/cmake)
[1.216s] -- Found rosidl_generator_cpp: 3.1.7 (/opt/ros/humble/share/rosidl_generator_cpp/cmake)
[1.216s] -- Using all available rosidl_typesupport_c: rosidl_typesupport_fastrtps_c;rosidl_typesupport_introspection_c
[1.216s] -- Using all available rosidl_typesupport_cpp: rosidl_typesupport_fastrtps_cpp;rosidl_typesupport_introspection_cpp
[1.216s] -- Found rmw_implementation_cmake: 6.1.2 (/opt/ros/humble/share/rmw_implementation_cmake/cmake)
[1.216s] -- Found rmw_fastrtps_cpp: 6.2.9 (/opt/ros/humble/share/rmw_fastrtps_cpp/cmake)
[1.216s] -- Using RMW implementation 'rmw_fastrtps_cpp' as default
[1.216s] -- Found geometry_msgs: 4.9.0 (/opt/ros/humble/share/geometry_msgs/cmake)
[1.216s] -- Found std_srvs: 4.9.0 (/opt/ros/humble/share/std_srvs/cmake)
[1.217s] -- Found visualization_msgs: 4.9.0 (/opt/ros/humble/share/visualization_msgs/cmake)
[1.217s] -- Found nav_msgs: 4.9.0 (/opt/ros/humble/share/nav_msgs/cmake)
[1.217s] -- Found tf2: 0.25.16 (/opt/ros/humble/share/tf2/cmake)
[1.217s] -- Found tf2_ros: 0.25.16 (/opt/ros/humble/share/tf2_ros/cmake)
[1.217s] -- Found tf2_geometry_msgs: 0.25.16 (/opt/ros/humble/share/tf2_geometry_msgs/cmake)
[1.217s] -- Found eigen3_cmake_module: 0.1.1 (/opt/ros/humble/share/eigen3_cmake_module/cmake)
[1.217s] -- Ensuring Eigen3 include directory is part of orocos-kdl CMake target
[1.303s] -- Configuring done
[1.408s] -- Generating done
[1.453s] -- Build files have been written to: /home/student/git/41068_ws/src/rs1_2025_soil/build/planting_conditions
[1.558s] [  6%] [32mBuilding CXX object CMakeFiles/soil_prep_fsm.dir/src/soil_prep_fsm.cpp.o[0m
[1.564s] [ 12%] [32mBuilding CXX object CMakeFiles/cover_sim.dir/src/cover_sim.cpp.o[0m
[1.565s] [ 18%] [32mBuilding CXX object CMakeFiles/water_level_sim.dir/src/water_level_sim.cpp.o[0m
[1.568s] [ 25%] [32mBuilding CXX object CMakeFiles/straight_drive.dir/src/straight_drive.cpp.o[0m
[1.573s] [ 31%] [32mBuilding CXX object CMakeFiles/planting_sim.dir/src/planting_sim.cpp.o[0m
[1.587s] [ 37%] [32mBuilding CXX object CMakeFiles/irrigation_sim.dir/src/irrigation_sim.cpp.o[0m
[1.603s] [ 43%] [32mBuilding CXX object CMakeFiles/planting_site_markers.dir/src/planting_site_markers.cpp.o[0m
[1.611s] [ 50%] [32mBuilding CXX object CMakeFiles/seed_weight.dir/src/seed_weight.cpp.o[0m
[11.173s] gmake[2]: *** [CMakeFiles/irrigation_sim.dir/build.make:76: CMakeFiles/irrigation_sim.dir/src/irrigation_sim.cpp.o] Interrupt
[11.173s] gmake[1]: *** [CMakeFiles/Makefile2:281: CMakeFiles/irrigation_sim.dir/all] Interrupt
[11.173s] gmake[2]: *** [CMakeFiles/planting_sim.dir/build.make:76: CMakeFiles/planting_sim.dir/src/planting_sim.cpp.o] Interrupt
[11.173s] gmake[1]: *** [CMakeFiles/Makefile2:229: CMakeFiles/planting_sim.dir/all] Interrupt
[11.173s] gmake[2]: *** wait: No child processes.  Stop.
[11.174s] gmake[2]: *** Waiting for unfinished jobs....
[11.174s] gmake[2]: *** wait: No child processes.  Stop.
[11.174s] gmake[1]: *** [CMakeFiles/Makefile2:333: CMakeFiles/seed_weight.dir/all] Error 2
[11.174s] gmake[2]: *** [CMakeFiles/cover_sim.dir/build.make:76: CMakeFiles/cover_sim.dir/src/cover_sim.cpp.o] Interrupt
[11.174s] gmake[1]: *** [CMakeFiles/Makefile2:255: CMakeFiles/cover_sim.dir/all] Interrupt
[11.174s] gmake[2]: *** [CMakeFiles/soil_prep_fsm.dir/build.make:76: CMakeFiles/soil_prep_fsm.dir/src/soil_prep_fsm.cpp.o] Interrupt
[11.174s] gmake[1]: *** [CMakeFiles/Makefile2:151: CMakeFiles/soil_prep_fsm.dir/all] Interrupt
[11.176s] gmake[2]: *** [CMakeFiles/planting_site_markers.dir/build.make:76: CMakeFiles/planting_site_markers.dir/src/planting_site_markers.cpp.o] Interrupt
[11.176s] gmake[1]: *** [CMakeFiles/Makefile2:307: CMakeFiles/planting_site_markers.dir/all] Interrupt
[11.177s] gmake[2]: *** [CMakeFiles/straight_drive.dir/build.make:76: CMakeFiles/straight_drive.dir/src/straight_drive.cpp.o] Interrupt
[11.177s] gmake[1]: *** [CMakeFiles/Makefile2:177: CMakeFiles/straight_drive.dir/all] Interrupt
[11.185s] gmake[2]: *** [CMakeFiles/water_level_sim.dir/build.make:76: CMakeFiles/water_level_sim.dir/src/water_level_sim.cpp.o] Interrupt
[11.185s] gmake[1]: *** [CMakeFiles/Makefile2:203: CMakeFiles/water_level_sim.dir/all] Interrupt
[11.185s] gmake: *** [Makefile:146: all] Interrupt
