[0.065s] Invoking command in '/home/student/git/41068_ws/src/rs1_2025_soil/build/forest_clearance_detector': CMAKE_PREFIX_PATH=${CMAKE_PREFIX_PATH}:/home/student/git/41068_ws/install/ugv_dashboard_gui:/home/student/git/41068_ws/install/telemetry_node_pkg:/opt/ros/humble /usr/bin/cmake /home/student/git/41068_ws/src/rs1_2025_soil/forest_clearance_detector -DAMENT_CMAKE_SYMLINK_INSTALL=1 -DCMAKE_INSTALL_PREFIX=/home/student/git/41068_ws/src/rs1_2025_soil/install/forest_clearance_detector
[0.979s] -- The C compiler identification is GNU 11.4.0
[1.407s] -- The CXX compiler identification is GNU 11.4.0
[1.451s] -- Detecting C compiler ABI info
[1.579s] -- Detecting C compiler ABI info - done
[1.588s] -- Check for working C compiler: /usr/bin/cc - skipped
[1.588s] -- Detecting C compile features
[1.594s] -- Detecting C compile features - done
[1.600s] -- Detecting CXX compiler ABI info
[1.721s] -- Detecting CXX compiler ABI info - done
[1.731s] -- Check for working CXX compiler: /usr/bin/c++ - skipped
[1.731s] -- Detecting CXX compile features
[1.732s] -- Detecting CXX compile features - done
[1.755s] -- Found ament_cmake: 1.3.12 (/opt/ros/humble/share/ament_cmake/cmake)
[1.983s] -- Found Python3: /usr/bin/python3 (found version "3.10.12") found components: Interpreter 
[2.104s] -- Override CMake install command with custom implementation using symlinks instead of copying resources
[2.217s] -- Found rclcpp: 16.0.15 (/opt/ros/humble/share/rclcpp/cmake)
[2.368s] -- Found rosidl_generator_c: 3.1.7 (/opt/ros/humble/share/rosidl_generator_c/cmake)
[2.379s] -- Found rosidl_adapter: 3.1.7 (/opt/ros/humble/share/rosidl_adapter/cmake)
[2.408s] -- Found rosidl_generator_cpp: 3.1.7 (/opt/ros/humble/share/rosidl_generator_cpp/cmake)
[2.437s] -- Using all available rosidl_typesupport_c: rosidl_typesupport_fastrtps_c;rosidl_typesupport_introspection_c
[2.478s] -- Using all available rosidl_typesupport_cpp: rosidl_typesupport_fastrtps_cpp;rosidl_typesupport_introspection_cpp
[2.622s] -- Found rmw_implementation_cmake: 6.1.2 (/opt/ros/humble/share/rmw_implementation_cmake/cmake)
[2.633s] -- Found rmw_fastrtps_cpp: 6.2.9 (/opt/ros/humble/share/rmw_fastrtps_cpp/cmake)
[2.818s] -- Found OpenSSL: /usr/lib/x86_64-linux-gnu/libcrypto.so (found version "3.0.2")  
[2.867s] -- Found FastRTPS: /opt/ros/humble/include  
[2.925s] -- Using RMW implementation 'rmw_fastrtps_cpp' as default
[2.954s] -- Looking for pthread.h
[3.123s] -- Looking for pthread.h - found
[3.124s] -- Performing Test CMAKE_HAVE_LIBC_PTHREAD
[3.208s] -- Performing Test CMAKE_HAVE_LIBC_PTHREAD - Success
[3.209s] -- Found Threads: TRUE  
[3.395s] -- Found sensor_msgs: 4.9.0 (/opt/ros/humble/share/sensor_msgs/cmake)
[3.472s] -- Found nav_msgs: 4.9.0 (/opt/ros/humble/share/nav_msgs/cmake)
[3.506s] -- Found tf2: 0.25.16 (/opt/ros/humble/share/tf2/cmake)
[3.542s] -- Found tf2_ros: 0.25.16 (/opt/ros/humble/share/tf2_ros/cmake)
[3.725s] -- Found tf2_geometry_msgs: 0.25.16 (/opt/ros/humble/share/tf2_geometry_msgs/cmake)
[3.992s] -- Found eigen3_cmake_module: 0.1.1 (/opt/ros/humble/share/eigen3_cmake_module/cmake)
[3.997s] -- Found Eigen3: TRUE (found version "3.4.0") 
[3.997s] -- Ensuring Eigen3 include directory is part of orocos-kdl CMake target
[4.001s] -- Found visualization_msgs: 4.9.0 (/opt/ros/humble/share/visualization_msgs/cmake)
[4.024s] -- Found std_srvs: 4.9.0 (/opt/ros/humble/share/std_srvs/cmake)
[4.112s] -- Configuring done
[4.223s] -- Generating done
[4.230s] -- Build files have been written to: /home/student/git/41068_ws/src/rs1_2025_soil/build/forest_clearance_detector
