[0.062s] Invoking command in '/home/student/git/41068_ws/src/rs1_2025_soil/build/husky_nav_goal': CMAKE_PREFIX_PATH=${CMAKE_PREFIX_PATH}:/home/student/git/41068_ws/install/ugv_dashboard_gui:/home/student/git/41068_ws/install/telemetry_node_pkg:/opt/ros/humble /usr/bin/cmake /home/student/git/41068_ws/src/rs1_2025_soil/husky_nav_goal -DAMENT_CMAKE_SYMLINK_INSTALL=1 -DCMAKE_INSTALL_PREFIX=/home/student/git/41068_ws/src/rs1_2025_soil/install/husky_nav_goal
[0.971s] -- The C compiler identification is GNU 11.4.0
[1.402s] -- The CXX compiler identification is GNU 11.4.0
[1.445s] -- Detecting C compiler ABI info
[1.576s] -- Detecting C compiler ABI info - done
[1.591s] -- Check for working C compiler: /usr/bin/cc - skipped
[1.591s] -- Detecting C compile features
[1.592s] -- Detecting C compile features - done
[1.596s] -- Detecting CXX compiler ABI info
[1.719s] -- Detecting CXX compiler ABI info - done
[1.732s] -- Check for working CXX compiler: /usr/bin/c++ - skipped
[1.732s] -- Detecting CXX compile features
[1.733s] -- Detecting CXX compile features - done
[1.750s] -- Found ament_cmake: 1.3.12 (/opt/ros/humble/share/ament_cmake/cmake)
[1.979s] -- Found Python3: /usr/bin/python3 (found version "3.10.12") found components: Interpreter 
[2.099s] -- Override CMake install command with custom implementation using symlinks instead of copying resources
[2.212s] -- Found rclcpp: 16.0.15 (/opt/ros/humble/share/rclcpp/cmake)
[2.363s] -- Found rosidl_generator_c: 3.1.7 (/opt/ros/humble/share/rosidl_generator_c/cmake)
[2.372s] -- Found rosidl_adapter: 3.1.7 (/opt/ros/humble/share/rosidl_adapter/cmake)
[2.404s] -- Found rosidl_generator_cpp: 3.1.7 (/opt/ros/humble/share/rosidl_generator_cpp/cmake)
[2.432s] -- Using all available rosidl_typesupport_c: rosidl_typesupport_fastrtps_c;rosidl_typesupport_introspection_c
[2.473s] -- Using all available rosidl_typesupport_cpp: rosidl_typesupport_fastrtps_cpp;rosidl_typesupport_introspection_cpp
[2.617s] -- Found rmw_implementation_cmake: 6.1.2 (/opt/ros/humble/share/rmw_implementation_cmake/cmake)
[2.628s] -- Found rmw_fastrtps_cpp: 6.2.9 (/opt/ros/humble/share/rmw_fastrtps_cpp/cmake)
[2.813s] -- Found OpenSSL: /usr/lib/x86_64-linux-gnu/libcrypto.so (found version "3.0.2")  
[2.853s] -- Found FastRTPS: /opt/ros/humble/include  
[2.900s] -- Using RMW implementation 'rmw_fastrtps_cpp' as default
[2.949s] -- Looking for pthread.h
[3.116s] -- Looking for pthread.h - found
[3.117s] -- Performing Test CMAKE_HAVE_LIBC_PTHREAD
[3.204s] -- Performing Test CMAKE_HAVE_LIBC_PTHREAD - Success
[3.205s] -- Found Threads: TRUE  
[3.384s] -- Found rclcpp_action: 16.0.15 (/opt/ros/humble/share/rclcpp_action/cmake)
[3.502s] -- Found nav2_msgs: 1.1.19 (/opt/ros/humble/share/nav2_msgs/cmake)
[3.601s] -- Found visualization_msgs: 4.9.0 (/opt/ros/humble/share/visualization_msgs/cmake)
[3.646s] -- Found std_srvs: 4.9.0 (/opt/ros/humble/share/std_srvs/cmake)
[3.740s] -- Configuring done
[3.763s] -- Generating done
[3.820s] -- Build files have been written to: /home/student/git/41068_ws/src/rs1_2025_soil/build/husky_nav_goal
