[0.156s] DEBUG:colcon:Command line arguments: ['/usr/bin/colcon', 'build', '--symlink-install']
[0.156s] DEBUG:colcon:Parsed command line arguments: Namespace(log_base=None, log_level=None, verb_name='build', build_base='build', install_base='install', merge_install=False, symlink_install=True, test_result_base=None, continue_on_error=False, executor='parallel', parallel_workers=8, event_handlers=None, ignore_user_meta=False, metas=['./colcon.meta'], base_paths=['.'], packages_ignore=None, packages_ignore_regex=None, paths=None, packages_up_to=None, packages_up_to_regex=None, packages_above=None, packages_above_and_dependencies=None, packages_above_depth=None, packages_select_by_dep=None, packages_skip_by_dep=None, packages_skip_up_to=None, packages_select_build_failed=False, packages_skip_build_finished=False, packages_select_test_failures=False, packages_skip_test_passed=False, packages_select=None, packages_skip=None, packages_select_regex=None, packages_skip_regex=None, packages_start=None, packages_end=None, allow_overriding=[], cmake_args=None, cmake_target=None, cmake_target_skip_unavailable=False, cmake_clean_cache=False, cmake_clean_first=False, cmake_force_configure=False, ament_cmake_args=None, catkin_cmake_args=None, catkin_skip_building_tests=False, mixin_files=None, mixin=None, verb_parser=<colcon_mixin.mixin.mixin_argument.MixinArgumentDecorator object at 0x78bb07c0baf0>, verb_extension=<colcon_core.verb.build.BuildVerb object at 0x78bb07c0b580>, main=<bound method BuildVerb.main of <colcon_core.verb.build.BuildVerb object at 0x78bb07c0b580>>, mixin_verb=('build',))
[0.350s] Level 1:colcon.colcon_core.package_discovery:discover_packages(colcon_meta) check parameters
[0.351s] Level 1:colcon.colcon_core.package_discovery:discover_packages(recursive) check parameters
[0.351s] Level 1:colcon.colcon_core.package_discovery:discover_packages(ignore) check parameters
[0.351s] Level 1:colcon.colcon_core.package_discovery:discover_packages(path) check parameters
[0.351s] Level 1:colcon.colcon_core.package_discovery:discover_packages(colcon_meta) discover
[0.351s] Level 1:colcon.colcon_core.package_discovery:discover_packages(recursive) discover
[0.351s] INFO:colcon.colcon_core.package_discovery:Crawling recursively for packages in '/home/student/git/41068_ws/src/rs1_2025_soil'
[0.351s] Level 1:colcon.colcon_core.package_identification:_identify(.) by extensions ['ignore', 'ignore_ament_install']
[0.351s] Level 1:colcon.colcon_core.package_identification:_identify(.) by extension 'ignore'
[0.351s] Level 1:colcon.colcon_core.package_identification:_identify(.) by extension 'ignore_ament_install'
[0.351s] Level 1:colcon.colcon_core.package_identification:_identify(.) by extensions ['colcon_pkg']
[0.351s] Level 1:colcon.colcon_core.package_identification:_identify(.) by extension 'colcon_pkg'
[0.351s] Level 1:colcon.colcon_core.package_identification:_identify(.) by extensions ['colcon_meta']
[0.351s] Level 1:colcon.colcon_core.package_identification:_identify(.) by extension 'colcon_meta'
[0.351s] Level 1:colcon.colcon_core.package_identification:_identify(.) by extensions ['ros']
[0.351s] Level 1:colcon.colcon_core.package_identification:_identify(.) by extension 'ros'
[0.363s] Level 1:colcon.colcon_core.package_identification:_identify(.) by extensions ['cmake', 'python']
[0.364s] Level 1:colcon.colcon_core.package_identification:_identify(.) by extension 'cmake'
[0.364s] Level 1:colcon.colcon_core.package_identification:_identify(.) by extension 'python'
[0.364s] Level 1:colcon.colcon_core.package_identification:_identify(.) by extensions ['python_setup_py']
[0.364s] Level 1:colcon.colcon_core.package_identification:_identify(.) by extension 'python_setup_py'
[0.364s] Level 1:colcon.colcon_core.package_identification:_identify(41068_ignition_bringup) by extensions ['ignore', 'ignore_ament_install']
[0.364s] Level 1:colcon.colcon_core.package_identification:_identify(41068_ignition_bringup) by extension 'ignore'
[0.364s] Level 1:colcon.colcon_core.package_identification:_identify(41068_ignition_bringup) by extension 'ignore_ament_install'
[0.364s] Level 1:colcon.colcon_core.package_identification:_identify(41068_ignition_bringup) by extensions ['colcon_pkg']
[0.364s] Level 1:colcon.colcon_core.package_identification:_identify(41068_ignition_bringup) by extension 'colcon_pkg'
[0.364s] Level 1:colcon.colcon_core.package_identification:_identify(41068_ignition_bringup) by extensions ['colcon_meta']
[0.364s] Level 1:colcon.colcon_core.package_identification:_identify(41068_ignition_bringup) by extension 'colcon_meta'
[0.364s] Level 1:colcon.colcon_core.package_identification:_identify(41068_ignition_bringup) by extensions ['ros']
[0.364s] Level 1:colcon.colcon_core.package_identification:_identify(41068_ignition_bringup) by extension 'ros'
[0.367s] DEBUG:colcon.colcon_core.package_identification:Package '41068_ignition_bringup' with type 'ros.ament_cmake' and name '41068_ignition_bringup'
[0.367s] Level 1:colcon.colcon_core.package_identification:_identify(build) by extensions ['ignore', 'ignore_ament_install']
[0.367s] Level 1:colcon.colcon_core.package_identification:_identify(build) by extension 'ignore'
[0.367s] Level 1:colcon.colcon_core.package_identification:_identify(build) ignored
[0.367s] Level 1:colcon.colcon_core.package_identification:_identify(environment_package) by extensions ['ignore', 'ignore_ament_install']
[0.367s] Level 1:colcon.colcon_core.package_identification:_identify(environment_package) by extension 'ignore'
[0.367s] Level 1:colcon.colcon_core.package_identification:_identify(environment_package) by extension 'ignore_ament_install'
[0.368s] Level 1:colcon.colcon_core.package_identification:_identify(environment_package) by extensions ['colcon_pkg']
[0.368s] Level 1:colcon.colcon_core.package_identification:_identify(environment_package) by extension 'colcon_pkg'
[0.368s] Level 1:colcon.colcon_core.package_identification:_identify(environment_package) by extensions ['colcon_meta']
[0.368s] Level 1:colcon.colcon_core.package_identification:_identify(environment_package) by extension 'colcon_meta'
[0.368s] Level 1:colcon.colcon_core.package_identification:_identify(environment_package) by extensions ['ros']
[0.368s] Level 1:colcon.colcon_core.package_identification:_identify(environment_package) by extension 'ros'
[0.368s] Level 1:colcon.colcon_core.package_identification:_identify(environment_package) by extensions ['cmake', 'python']
[0.368s] Level 1:colcon.colcon_core.package_identification:_identify(environment_package) by extension 'cmake'
[0.368s] Level 1:colcon.colcon_core.package_identification:_identify(environment_package) by extension 'python'
[0.368s] Level 1:colcon.colcon_core.package_identification:_identify(environment_package) by extensions ['python_setup_py']
[0.368s] Level 1:colcon.colcon_core.package_identification:_identify(environment_package) by extension 'python_setup_py'
[0.368s] Level 1:colcon.colcon_core.package_identification:_identify(forest_clearance_detector) by extensions ['ignore', 'ignore_ament_install']
[0.368s] Level 1:colcon.colcon_core.package_identification:_identify(forest_clearance_detector) by extension 'ignore'
[0.368s] Level 1:colcon.colcon_core.package_identification:_identify(forest_clearance_detector) by extension 'ignore_ament_install'
[0.368s] Level 1:colcon.colcon_core.package_identification:_identify(forest_clearance_detector) by extensions ['colcon_pkg']
[0.368s] Level 1:colcon.colcon_core.package_identification:_identify(forest_clearance_detector) by extension 'colcon_pkg'
[0.368s] Level 1:colcon.colcon_core.package_identification:_identify(forest_clearance_detector) by extensions ['colcon_meta']
[0.368s] Level 1:colcon.colcon_core.package_identification:_identify(forest_clearance_detector) by extension 'colcon_meta'
[0.368s] Level 1:colcon.colcon_core.package_identification:_identify(forest_clearance_detector) by extensions ['ros']
[0.368s] Level 1:colcon.colcon_core.package_identification:_identify(forest_clearance_detector) by extension 'ros'
[0.381s] DEBUG:colcon.colcon_core.package_identification:Package 'forest_clearance_detector' with type 'ros.ament_cmake' and name 'forest_clearance_detector'
[0.381s] Level 1:colcon.colcon_core.package_identification:_identify(husky_nav_goal) by extensions ['ignore', 'ignore_ament_install']
[0.381s] Level 1:colcon.colcon_core.package_identification:_identify(husky_nav_goal) by extension 'ignore'
[0.381s] Level 1:colcon.colcon_core.package_identification:_identify(husky_nav_goal) by extension 'ignore_ament_install'
[0.381s] Level 1:colcon.colcon_core.package_identification:_identify(husky_nav_goal) by extensions ['colcon_pkg']
[0.381s] Level 1:colcon.colcon_core.package_identification:_identify(husky_nav_goal) by extension 'colcon_pkg'
[0.381s] Level 1:colcon.colcon_core.package_identification:_identify(husky_nav_goal) by extensions ['colcon_meta']
[0.381s] Level 1:colcon.colcon_core.package_identification:_identify(husky_nav_goal) by extension 'colcon_meta'
[0.381s] Level 1:colcon.colcon_core.package_identification:_identify(husky_nav_goal) by extensions ['ros']
[0.381s] Level 1:colcon.colcon_core.package_identification:_identify(husky_nav_goal) by extension 'ros'
[0.382s] DEBUG:colcon.colcon_core.package_identification:Package 'husky_nav_goal' with type 'ros.ament_cmake' and name 'husky_nav_goal'
[0.382s] Level 1:colcon.colcon_core.package_identification:_identify(install) by extensions ['ignore', 'ignore_ament_install']
[0.382s] Level 1:colcon.colcon_core.package_identification:_identify(install) by extension 'ignore'
[0.382s] Level 1:colcon.colcon_core.package_identification:_identify(install) ignored
[0.383s] Level 1:colcon.colcon_core.package_identification:_identify(log) by extensions ['ignore', 'ignore_ament_install']
[0.383s] Level 1:colcon.colcon_core.package_identification:_identify(log) by extension 'ignore'
[0.383s] Level 1:colcon.colcon_core.package_identification:_identify(log) ignored
[0.383s] Level 1:colcon.colcon_core.package_identification:_identify(mission_fsm) by extensions ['ignore', 'ignore_ament_install']
[0.383s] Level 1:colcon.colcon_core.package_identification:_identify(mission_fsm) by extension 'ignore'
[0.383s] Level 1:colcon.colcon_core.package_identification:_identify(mission_fsm) by extension 'ignore_ament_install'
[0.383s] Level 1:colcon.colcon_core.package_identification:_identify(mission_fsm) by extensions ['colcon_pkg']
[0.383s] Level 1:colcon.colcon_core.package_identification:_identify(mission_fsm) by extension 'colcon_pkg'
[0.383s] Level 1:colcon.colcon_core.package_identification:_identify(mission_fsm) by extensions ['colcon_meta']
[0.383s] Level 1:colcon.colcon_core.package_identification:_identify(mission_fsm) by extension 'colcon_meta'
[0.383s] Level 1:colcon.colcon_core.package_identification:_identify(mission_fsm) by extensions ['ros']
[0.383s] Level 1:colcon.colcon_core.package_identification:_identify(mission_fsm) by extension 'ros'
[0.384s] DEBUG:colcon.colcon_core.package_identification:Package 'mission_fsm' with type 'ros.ament_cmake' and name 'mission_fsm'
[0.384s] Level 1:colcon.colcon_core.package_identification:_identify(planting_conditions) by extensions ['ignore', 'ignore_ament_install']
[0.384s] Level 1:colcon.colcon_core.package_identification:_identify(planting_conditions) by extension 'ignore'
[0.384s] Level 1:colcon.colcon_core.package_identification:_identify(planting_conditions) by extension 'ignore_ament_install'
[0.384s] Level 1:colcon.colcon_core.package_identification:_identify(planting_conditions) by extensions ['colcon_pkg']
[0.384s] Level 1:colcon.colcon_core.package_identification:_identify(planting_conditions) by extension 'colcon_pkg'
[0.384s] Level 1:colcon.colcon_core.package_identification:_identify(planting_conditions) by extensions ['colcon_meta']
[0.384s] Level 1:colcon.colcon_core.package_identification:_identify(planting_conditions) by extension 'colcon_meta'
[0.384s] Level 1:colcon.colcon_core.package_identification:_identify(planting_conditions) by extensions ['ros']
[0.384s] Level 1:colcon.colcon_core.package_identification:_identify(planting_conditions) by extension 'ros'
[0.386s] DEBUG:colcon.colcon_core.package_identification:Package 'planting_conditions' with type 'ros.ament_cmake' and name 'planting_conditions'
[0.386s] Level 1:colcon.colcon_core.package_identification:_identify(telemetry_node_pkg) by extensions ['ignore', 'ignore_ament_install']
[0.386s] Level 1:colcon.colcon_core.package_identification:_identify(telemetry_node_pkg) by extension 'ignore'
[0.386s] Level 1:colcon.colcon_core.package_identification:_identify(telemetry_node_pkg) by extension 'ignore_ament_install'
[0.386s] Level 1:colcon.colcon_core.package_identification:_identify(telemetry_node_pkg) by extensions ['colcon_pkg']
[0.386s] Level 1:colcon.colcon_core.package_identification:_identify(telemetry_node_pkg) by extension 'colcon_pkg'
[0.386s] Level 1:colcon.colcon_core.package_identification:_identify(telemetry_node_pkg) by extensions ['colcon_meta']
[0.386s] Level 1:colcon.colcon_core.package_identification:_identify(telemetry_node_pkg) by extension 'colcon_meta'
[0.386s] Level 1:colcon.colcon_core.package_identification:_identify(telemetry_node_pkg) by extensions ['ros']
[0.387s] Level 1:colcon.colcon_core.package_identification:_identify(telemetry_node_pkg) by extension 'ros'
[0.387s] DEBUG:colcon.colcon_core.package_identification:Package 'telemetry_node_pkg' with type 'ros.ament_python' and name 'telemetry_node_pkg'
[0.388s] Level 1:colcon.colcon_core.package_identification:_identify(ugv_dashboard_gui) by extensions ['ignore', 'ignore_ament_install']
[0.388s] Level 1:colcon.colcon_core.package_identification:_identify(ugv_dashboard_gui) by extension 'ignore'
[0.388s] Level 1:colcon.colcon_core.package_identification:_identify(ugv_dashboard_gui) by extension 'ignore_ament_install'
[0.388s] Level 1:colcon.colcon_core.package_identification:_identify(ugv_dashboard_gui) by extensions ['colcon_pkg']
[0.388s] Level 1:colcon.colcon_core.package_identification:_identify(ugv_dashboard_gui) by extension 'colcon_pkg'
[0.388s] Level 1:colcon.colcon_core.package_identification:_identify(ugv_dashboard_gui) by extensions ['colcon_meta']
[0.388s] Level 1:colcon.colcon_core.package_identification:_identify(ugv_dashboard_gui) by extension 'colcon_meta'
[0.388s] Level 1:colcon.colcon_core.package_identification:_identify(ugv_dashboard_gui) by extensions ['ros']
[0.388s] Level 1:colcon.colcon_core.package_identification:_identify(ugv_dashboard_gui) by extension 'ros'
[0.388s] Level 1:colcon.colcon_core.package_identification:_identify(ugv_dashboard_gui) by extensions ['cmake', 'python']
[0.388s] Level 1:colcon.colcon_core.package_identification:_identify(ugv_dashboard_gui) by extension 'cmake'
[0.388s] Level 1:colcon.colcon_core.package_identification:_identify(ugv_dashboard_gui) by extension 'python'
[0.388s] Level 1:colcon.colcon_core.package_identification:_identify(ugv_dashboard_gui) by extensions ['python_setup_py']
[0.388s] Level 1:colcon.colcon_core.package_identification:_identify(ugv_dashboard_gui) by extension 'python_setup_py'
[0.388s] Level 1:colcon.colcon_core.package_identification:_identify(ugv_dashboard_gui/ugv_dashboard_gui) by extensions ['ignore', 'ignore_ament_install']
[0.388s] Level 1:colcon.colcon_core.package_identification:_identify(ugv_dashboard_gui/ugv_dashboard_gui) by extension 'ignore'
[0.389s] Level 1:colcon.colcon_core.package_identification:_identify(ugv_dashboard_gui/ugv_dashboard_gui) by extension 'ignore_ament_install'
[0.389s] Level 1:colcon.colcon_core.package_identification:_identify(ugv_dashboard_gui/ugv_dashboard_gui) by extensions ['colcon_pkg']
[0.389s] Level 1:colcon.colcon_core.package_identification:_identify(ugv_dashboard_gui/ugv_dashboard_gui) by extension 'colcon_pkg'
[0.389s] Level 1:colcon.colcon_core.package_identification:_identify(ugv_dashboard_gui/ugv_dashboard_gui) by extensions ['colcon_meta']
[0.389s] Level 1:colcon.colcon_core.package_identification:_identify(ugv_dashboard_gui/ugv_dashboard_gui) by extension 'colcon_meta'
[0.389s] Level 1:colcon.colcon_core.package_identification:_identify(ugv_dashboard_gui/ugv_dashboard_gui) by extensions ['ros']
[0.389s] Level 1:colcon.colcon_core.package_identification:_identify(ugv_dashboard_gui/ugv_dashboard_gui) by extension 'ros'
[0.389s] DEBUG:colcon.colcon_core.package_identification:Package 'ugv_dashboard_gui/ugv_dashboard_gui' with type 'ros.ament_python' and name 'ugv_dashboard_gui'
[0.390s] Level 1:colcon.colcon_core.package_discovery:discover_packages(recursive) using defaults
[0.390s] Level 1:colcon.colcon_core.package_discovery:discover_packages(ignore) discover
[0.390s] Level 1:colcon.colcon_core.package_discovery:discover_packages(ignore) using defaults
[0.390s] Level 1:colcon.colcon_core.package_discovery:discover_packages(path) discover
[0.390s] Level 1:colcon.colcon_core.package_discovery:discover_packages(path) using defaults
[0.413s] Level 1:colcon.colcon_core.package_discovery:discover_packages(prefix_path) check parameters
[0.413s] Level 1:colcon.colcon_core.package_discovery:discover_packages(prefix_path) discover
[0.426s] DEBUG:colcon.colcon_installed_package_information.package_discovery:Found 7 installed packages in /home/student/git/41068_ws/install
[0.428s] DEBUG:colcon.colcon_installed_package_information.package_discovery:Found 424 installed packages in /opt/ros/humble
[0.431s] Level 1:colcon.colcon_core.package_discovery:discover_packages(prefix_path) using defaults
[0.505s] Level 5:colcon.colcon_core.verb:set package '41068_ignition_bringup' build argument 'cmake_args' from command line to 'None'
[0.505s] Level 5:colcon.colcon_core.verb:set package '41068_ignition_bringup' build argument 'cmake_target' from command line to 'None'
[0.505s] Level 5:colcon.colcon_core.verb:set package '41068_ignition_bringup' build argument 'cmake_target_skip_unavailable' from command line to 'False'
[0.505s] Level 5:colcon.colcon_core.verb:set package '41068_ignition_bringup' build argument 'cmake_clean_cache' from command line to 'False'
[0.505s] Level 5:colcon.colcon_core.verb:set package '41068_ignition_bringup' build argument 'cmake_clean_first' from command line to 'False'
[0.505s] Level 5:colcon.colcon_core.verb:set package '41068_ignition_bringup' build argument 'cmake_force_configure' from command line to 'False'
[0.505s] Level 5:colcon.colcon_core.verb:set package '41068_ignition_bringup' build argument 'ament_cmake_args' from command line to 'None'
[0.505s] Level 5:colcon.colcon_core.verb:set package '41068_ignition_bringup' build argument 'catkin_cmake_args' from command line to 'None'
[0.505s] Level 5:colcon.colcon_core.verb:set package '41068_ignition_bringup' build argument 'catkin_skip_building_tests' from command line to 'False'
[0.505s] DEBUG:colcon.colcon_core.verb:Building package '41068_ignition_bringup' with the following arguments: {'ament_cmake_args': None, 'build_base': '/home/student/git/41068_ws/src/rs1_2025_soil/build/41068_ignition_bringup', 'catkin_cmake_args': None, 'catkin_skip_building_tests': False, 'cmake_args': None, 'cmake_clean_cache': False, 'cmake_clean_first': False, 'cmake_force_configure': False, 'cmake_target': None, 'cmake_target_skip_unavailable': False, 'install_base': '/home/student/git/41068_ws/src/rs1_2025_soil/install/41068_ignition_bringup', 'merge_install': False, 'path': '/home/student/git/41068_ws/src/rs1_2025_soil/41068_ignition_bringup', 'symlink_install': True, 'test_result_base': None}
[0.506s] Level 5:colcon.colcon_core.verb:set package 'forest_clearance_detector' build argument 'cmake_args' from command line to 'None'
[0.506s] Level 5:colcon.colcon_core.verb:set package 'forest_clearance_detector' build argument 'cmake_target' from command line to 'None'
[0.506s] Level 5:colcon.colcon_core.verb:set package 'forest_clearance_detector' build argument 'cmake_target_skip_unavailable' from command line to 'False'
[0.506s] Level 5:colcon.colcon_core.verb:set package 'forest_clearance_detector' build argument 'cmake_clean_cache' from command line to 'False'
[0.506s] Level 5:colcon.colcon_core.verb:set package 'forest_clearance_detector' build argument 'cmake_clean_first' from command line to 'False'
[0.506s] Level 5:colcon.colcon_core.verb:set package 'forest_clearance_detector' build argument 'cmake_force_configure' from command line to 'False'
[0.506s] Level 5:colcon.colcon_core.verb:set package 'forest_clearance_detector' build argument 'ament_cmake_args' from command line to 'None'
[0.506s] Level 5:colcon.colcon_core.verb:set package 'forest_clearance_detector' build argument 'catkin_cmake_args' from command line to 'None'
[0.506s] Level 5:colcon.colcon_core.verb:set package 'forest_clearance_detector' build argument 'catkin_skip_building_tests' from command line to 'False'
[0.506s] DEBUG:colcon.colcon_core.verb:Building package 'forest_clearance_detector' with the following arguments: {'ament_cmake_args': None, 'build_base': '/home/student/git/41068_ws/src/rs1_2025_soil/build/forest_clearance_detector', 'catkin_cmake_args': None, 'catkin_skip_building_tests': False, 'cmake_args': None, 'cmake_clean_cache': False, 'cmake_clean_first': False, 'cmake_force_configure': False, 'cmake_target': None, 'cmake_target_skip_unavailable': False, 'install_base': '/home/student/git/41068_ws/src/rs1_2025_soil/install/forest_clearance_detector', 'merge_install': False, 'path': '/home/student/git/41068_ws/src/rs1_2025_soil/forest_clearance_detector', 'symlink_install': True, 'test_result_base': None}
[0.506s] Level 5:colcon.colcon_core.verb:set package 'husky_nav_goal' build argument 'cmake_args' from command line to 'None'
[0.506s] Level 5:colcon.colcon_core.verb:set package 'husky_nav_goal' build argument 'cmake_target' from command line to 'None'
[0.506s] Level 5:colcon.colcon_core.verb:set package 'husky_nav_goal' build argument 'cmake_target_skip_unavailable' from command line to 'False'
[0.506s] Level 5:colcon.colcon_core.verb:set package 'husky_nav_goal' build argument 'cmake_clean_cache' from command line to 'False'
[0.507s] Level 5:colcon.colcon_core.verb:set package 'husky_nav_goal' build argument 'cmake_clean_first' from command line to 'False'
[0.507s] Level 5:colcon.colcon_core.verb:set package 'husky_nav_goal' build argument 'cmake_force_configure' from command line to 'False'
[0.507s] Level 5:colcon.colcon_core.verb:set package 'husky_nav_goal' build argument 'ament_cmake_args' from command line to 'None'
[0.507s] Level 5:colcon.colcon_core.verb:set package 'husky_nav_goal' build argument 'catkin_cmake_args' from command line to 'None'
[0.507s] Level 5:colcon.colcon_core.verb:set package 'husky_nav_goal' build argument 'catkin_skip_building_tests' from command line to 'False'
[0.507s] DEBUG:colcon.colcon_core.verb:Building package 'husky_nav_goal' with the following arguments: {'ament_cmake_args': None, 'build_base': '/home/student/git/41068_ws/src/rs1_2025_soil/build/husky_nav_goal', 'catkin_cmake_args': None, 'catkin_skip_building_tests': False, 'cmake_args': None, 'cmake_clean_cache': False, 'cmake_clean_first': False, 'cmake_force_configure': False, 'cmake_target': None, 'cmake_target_skip_unavailable': False, 'install_base': '/home/student/git/41068_ws/src/rs1_2025_soil/install/husky_nav_goal', 'merge_install': False, 'path': '/home/student/git/41068_ws/src/rs1_2025_soil/husky_nav_goal', 'symlink_install': True, 'test_result_base': None}
[0.507s] Level 5:colcon.colcon_core.verb:set package 'mission_fsm' build argument 'cmake_args' from command line to 'None'
[0.507s] Level 5:colcon.colcon_core.verb:set package 'mission_fsm' build argument 'cmake_target' from command line to 'None'
[0.507s] Level 5:colcon.colcon_core.verb:set package 'mission_fsm' build argument 'cmake_target_skip_unavailable' from command line to 'False'
[0.507s] Level 5:colcon.colcon_core.verb:set package 'mission_fsm' build argument 'cmake_clean_cache' from command line to 'False'
[0.507s] Level 5:colcon.colcon_core.verb:set package 'mission_fsm' build argument 'cmake_clean_first' from command line to 'False'
[0.507s] Level 5:colcon.colcon_core.verb:set package 'mission_fsm' build argument 'cmake_force_configure' from command line to 'False'
[0.507s] Level 5:colcon.colcon_core.verb:set package 'mission_fsm' build argument 'ament_cmake_args' from command line to 'None'
[0.507s] Level 5:colcon.colcon_core.verb:set package 'mission_fsm' build argument 'catkin_cmake_args' from command line to 'None'
[0.507s] Level 5:colcon.colcon_core.verb:set package 'mission_fsm' build argument 'catkin_skip_building_tests' from command line to 'False'
[0.507s] DEBUG:colcon.colcon_core.verb:Building package 'mission_fsm' with the following arguments: {'ament_cmake_args': None, 'build_base': '/home/student/git/41068_ws/src/rs1_2025_soil/build/mission_fsm', 'catkin_cmake_args': None, 'catkin_skip_building_tests': False, 'cmake_args': None, 'cmake_clean_cache': False, 'cmake_clean_first': False, 'cmake_force_configure': False, 'cmake_target': None, 'cmake_target_skip_unavailable': False, 'install_base': '/home/student/git/41068_ws/src/rs1_2025_soil/install/mission_fsm', 'merge_install': False, 'path': '/home/student/git/41068_ws/src/rs1_2025_soil/mission_fsm', 'symlink_install': True, 'test_result_base': None}
[0.508s] Level 5:colcon.colcon_core.verb:set package 'planting_conditions' build argument 'cmake_args' from command line to 'None'
[0.508s] Level 5:colcon.colcon_core.verb:set package 'planting_conditions' build argument 'cmake_target' from command line to 'None'
[0.508s] Level 5:colcon.colcon_core.verb:set package 'planting_conditions' build argument 'cmake_target_skip_unavailable' from command line to 'False'
[0.508s] Level 5:colcon.colcon_core.verb:set package 'planting_conditions' build argument 'cmake_clean_cache' from command line to 'False'
[0.508s] Level 5:colcon.colcon_core.verb:set package 'planting_conditions' build argument 'cmake_clean_first' from command line to 'False'
[0.508s] Level 5:colcon.colcon_core.verb:set package 'planting_conditions' build argument 'cmake_force_configure' from command line to 'False'
[0.508s] Level 5:colcon.colcon_core.verb:set package 'planting_conditions' build argument 'ament_cmake_args' from command line to 'None'
[0.508s] Level 5:colcon.colcon_core.verb:set package 'planting_conditions' build argument 'catkin_cmake_args' from command line to 'None'
[0.508s] Level 5:colcon.colcon_core.verb:set package 'planting_conditions' build argument 'catkin_skip_building_tests' from command line to 'False'
[0.508s] DEBUG:colcon.colcon_core.verb:Building package 'planting_conditions' with the following arguments: {'ament_cmake_args': None, 'build_base': '/home/student/git/41068_ws/src/rs1_2025_soil/build/planting_conditions', 'catkin_cmake_args': None, 'catkin_skip_building_tests': False, 'cmake_args': None, 'cmake_clean_cache': False, 'cmake_clean_first': False, 'cmake_force_configure': False, 'cmake_target': None, 'cmake_target_skip_unavailable': False, 'install_base': '/home/student/git/41068_ws/src/rs1_2025_soil/install/planting_conditions', 'merge_install': False, 'path': '/home/student/git/41068_ws/src/rs1_2025_soil/planting_conditions', 'symlink_install': True, 'test_result_base': None}
[0.508s] Level 5:colcon.colcon_core.verb:set package 'telemetry_node_pkg' build argument 'cmake_args' from command line to 'None'
[0.508s] Level 5:colcon.colcon_core.verb:set package 'telemetry_node_pkg' build argument 'cmake_target' from command line to 'None'
[0.508s] Level 5:colcon.colcon_core.verb:set package 'telemetry_node_pkg' build argument 'cmake_target_skip_unavailable' from command line to 'False'
[0.508s] Level 5:colcon.colcon_core.verb:set package 'telemetry_node_pkg' build argument 'cmake_clean_cache' from command line to 'False'
[0.508s] Level 5:colcon.colcon_core.verb:set package 'telemetry_node_pkg' build argument 'cmake_clean_first' from command line to 'False'
[0.508s] Level 5:colcon.colcon_core.verb:set package 'telemetry_node_pkg' build argument 'cmake_force_configure' from command line to 'False'
[0.508s] Level 5:colcon.colcon_core.verb:set package 'telemetry_node_pkg' build argument 'ament_cmake_args' from command line to 'None'
[0.508s] Level 5:colcon.colcon_core.verb:set package 'telemetry_node_pkg' build argument 'catkin_cmake_args' from command line to 'None'
[0.508s] Level 5:colcon.colcon_core.verb:set package 'telemetry_node_pkg' build argument 'catkin_skip_building_tests' from command line to 'False'
[0.509s] DEBUG:colcon.colcon_core.verb:Building package 'telemetry_node_pkg' with the following arguments: {'ament_cmake_args': None, 'build_base': '/home/student/git/41068_ws/src/rs1_2025_soil/build/telemetry_node_pkg', 'catkin_cmake_args': None, 'catkin_skip_building_tests': False, 'cmake_args': None, 'cmake_clean_cache': False, 'cmake_clean_first': False, 'cmake_force_configure': False, 'cmake_target': None, 'cmake_target_skip_unavailable': False, 'install_base': '/home/student/git/41068_ws/src/rs1_2025_soil/install/telemetry_node_pkg', 'merge_install': False, 'path': '/home/student/git/41068_ws/src/rs1_2025_soil/telemetry_node_pkg', 'symlink_install': True, 'test_result_base': None}
[0.509s] Level 5:colcon.colcon_core.verb:set package 'ugv_dashboard_gui' build argument 'cmake_args' from command line to 'None'
[0.509s] Level 5:colcon.colcon_core.verb:set package 'ugv_dashboard_gui' build argument 'cmake_target' from command line to 'None'
[0.509s] Level 5:colcon.colcon_core.verb:set package 'ugv_dashboard_gui' build argument 'cmake_target_skip_unavailable' from command line to 'False'
[0.509s] Level 5:colcon.colcon_core.verb:set package 'ugv_dashboard_gui' build argument 'cmake_clean_cache' from command line to 'False'
[0.509s] Level 5:colcon.colcon_core.verb:set package 'ugv_dashboard_gui' build argument 'cmake_clean_first' from command line to 'False'
[0.509s] Level 5:colcon.colcon_core.verb:set package 'ugv_dashboard_gui' build argument 'cmake_force_configure' from command line to 'False'
[0.509s] Level 5:colcon.colcon_core.verb:set package 'ugv_dashboard_gui' build argument 'ament_cmake_args' from command line to 'None'
[0.509s] Level 5:colcon.colcon_core.verb:set package 'ugv_dashboard_gui' build argument 'catkin_cmake_args' from command line to 'None'
[0.509s] Level 5:colcon.colcon_core.verb:set package 'ugv_dashboard_gui' build argument 'catkin_skip_building_tests' from command line to 'False'
[0.509s] DEBUG:colcon.colcon_core.verb:Building package 'ugv_dashboard_gui' with the following arguments: {'ament_cmake_args': None, 'build_base': '/home/student/git/41068_ws/src/rs1_2025_soil/build/ugv_dashboard_gui', 'catkin_cmake_args': None, 'catkin_skip_building_tests': False, 'cmake_args': None, 'cmake_clean_cache': False, 'cmake_clean_first': False, 'cmake_force_configure': False, 'cmake_target': None, 'cmake_target_skip_unavailable': False, 'install_base': '/home/student/git/41068_ws/src/rs1_2025_soil/install/ugv_dashboard_gui', 'merge_install': False, 'path': '/home/student/git/41068_ws/src/rs1_2025_soil/ugv_dashboard_gui/ugv_dashboard_gui', 'symlink_install': True, 'test_result_base': None}
[0.509s] INFO:colcon.colcon_core.executor:Executing jobs using 'parallel' executor
[0.511s] DEBUG:colcon.colcon_parallel_executor.executor.parallel:run_until_complete
[0.511s] INFO:colcon.colcon_ros.task.ament_cmake.build:Building ROS package in '/home/student/git/41068_ws/src/rs1_2025_soil/41068_ignition_bringup' with build type 'ament_cmake'
[0.511s] INFO:colcon.colcon_cmake.task.cmake.build:Building CMake package in '/home/student/git/41068_ws/src/rs1_2025_soil/41068_ignition_bringup'
[0.521s] INFO:colcon.colcon_core.plugin_system:Skipping extension 'colcon_core.shell.bat': Not used on non-Windows systems
[0.521s] INFO:colcon.colcon_core.shell:Skip shell extension 'powershell' for command environment: Not usable outside of PowerShell
[0.521s] DEBUG:colcon.colcon_core.shell:Skip shell extension 'dsv' for command environment
[0.530s] INFO:colcon.colcon_ros.task.ament_cmake.build:Building ROS package in '/home/student/git/41068_ws/src/rs1_2025_soil/forest_clearance_detector' with build type 'ament_cmake'
[0.531s] INFO:colcon.colcon_cmake.task.cmake.build:Building CMake package in '/home/student/git/41068_ws/src/rs1_2025_soil/forest_clearance_detector'
[0.531s] INFO:colcon.colcon_core.shell:Skip shell extension 'powershell' for command environment: Not usable outside of PowerShell
[0.531s] DEBUG:colcon.colcon_core.shell:Skip shell extension 'dsv' for command environment
[0.535s] INFO:colcon.colcon_ros.task.ament_cmake.build:Building ROS package in '/home/student/git/41068_ws/src/rs1_2025_soil/husky_nav_goal' with build type 'ament_cmake'
[0.535s] INFO:colcon.colcon_cmake.task.cmake.build:Building CMake package in '/home/student/git/41068_ws/src/rs1_2025_soil/husky_nav_goal'
[0.536s] INFO:colcon.colcon_core.shell:Skip shell extension 'powershell' for command environment: Not usable outside of PowerShell
[0.536s] DEBUG:colcon.colcon_core.shell:Skip shell extension 'dsv' for command environment
[0.540s] INFO:colcon.colcon_ros.task.ament_cmake.build:Building ROS package in '/home/student/git/41068_ws/src/rs1_2025_soil/mission_fsm' with build type 'ament_cmake'
[0.540s] INFO:colcon.colcon_cmake.task.cmake.build:Building CMake package in '/home/student/git/41068_ws/src/rs1_2025_soil/mission_fsm'
[0.540s] INFO:colcon.colcon_core.shell:Skip shell extension 'powershell' for command environment: Not usable outside of PowerShell
[0.540s] DEBUG:colcon.colcon_core.shell:Skip shell extension 'dsv' for command environment
[0.544s] INFO:colcon.colcon_ros.task.ament_cmake.build:Building ROS package in '/home/student/git/41068_ws/src/rs1_2025_soil/planting_conditions' with build type 'ament_cmake'
[0.544s] INFO:colcon.colcon_cmake.task.cmake.build:Building CMake package in '/home/student/git/41068_ws/src/rs1_2025_soil/planting_conditions'
[0.545s] INFO:colcon.colcon_core.shell:Skip shell extension 'powershell' for command environment: Not usable outside of PowerShell
[0.545s] DEBUG:colcon.colcon_core.shell:Skip shell extension 'dsv' for command environment
[0.549s] INFO:colcon.colcon_ros.task.ament_python.build:Building ROS package in '/home/student/git/41068_ws/src/rs1_2025_soil/telemetry_node_pkg' with build type 'ament_python'
[0.549s] Level 1:colcon.colcon_core.shell:create_environment_hook('telemetry_node_pkg', 'ament_prefix_path')
[0.550s] INFO:colcon.colcon_core.shell:Creating environment hook '/home/student/git/41068_ws/src/rs1_2025_soil/install/telemetry_node_pkg/share/telemetry_node_pkg/hook/ament_prefix_path.ps1'
[0.551s] INFO:colcon.colcon_core.shell:Creating environment descriptor '/home/student/git/41068_ws/src/rs1_2025_soil/install/telemetry_node_pkg/share/telemetry_node_pkg/hook/ament_prefix_path.dsv'
[0.556s] INFO:colcon.colcon_core.shell:Creating environment hook '/home/student/git/41068_ws/src/rs1_2025_soil/install/telemetry_node_pkg/share/telemetry_node_pkg/hook/ament_prefix_path.sh'
[0.557s] INFO:colcon.colcon_core.shell:Skip shell extension 'powershell' for command environment: Not usable outside of PowerShell
[0.557s] DEBUG:colcon.colcon_core.shell:Skip shell extension 'dsv' for command environment
[0.561s] INFO:colcon.colcon_ros.task.ament_python.build:Building ROS package in '/home/student/git/41068_ws/src/rs1_2025_soil/ugv_dashboard_gui/ugv_dashboard_gui' with build type 'ament_python'
[0.561s] Level 1:colcon.colcon_core.shell:create_environment_hook('ugv_dashboard_gui', 'ament_prefix_path')
[0.561s] INFO:colcon.colcon_core.shell:Creating environment hook '/home/student/git/41068_ws/src/rs1_2025_soil/install/ugv_dashboard_gui/share/ugv_dashboard_gui/hook/ament_prefix_path.ps1'
[0.562s] INFO:colcon.colcon_core.shell:Creating environment descriptor '/home/student/git/41068_ws/src/rs1_2025_soil/install/ugv_dashboard_gui/share/ugv_dashboard_gui/hook/ament_prefix_path.dsv'
[0.562s] INFO:colcon.colcon_core.shell:Creating environment hook '/home/student/git/41068_ws/src/rs1_2025_soil/install/ugv_dashboard_gui/share/ugv_dashboard_gui/hook/ament_prefix_path.sh'
[0.563s] INFO:colcon.colcon_core.shell:Skip shell extension 'powershell' for command environment: Not usable outside of PowerShell
[0.563s] DEBUG:colcon.colcon_core.shell:Skip shell extension 'dsv' for command environment
[0.575s] DEBUG:colcon.colcon_core.event_handler.log_command:Invoking command in '/home/student/git/41068_ws/src/rs1_2025_soil/build/41068_ignition_bringup': CMAKE_PREFIX_PATH=${CMAKE_PREFIX_PATH}:/home/student/git/41068_ws/install/ugv_dashboard_gui:/home/student/git/41068_ws/install/telemetry_node_pkg:/opt/ros/humble /usr/bin/cmake --build /home/student/git/41068_ws/src/rs1_2025_soil/build/41068_ignition_bringup -- -j8 -l8
[0.595s] DEBUG:colcon.colcon_core.event_handler.log_command:Invoking command in '/home/student/git/41068_ws/src/rs1_2025_soil/build/forest_clearance_detector': CMAKE_PREFIX_PATH=${CMAKE_PREFIX_PATH}:/home/student/git/41068_ws/install/ugv_dashboard_gui:/home/student/git/41068_ws/install/telemetry_node_pkg:/opt/ros/humble /usr/bin/cmake /home/student/git/41068_ws/src/rs1_2025_soil/forest_clearance_detector -DAMENT_CMAKE_SYMLINK_INSTALL=1 -DCMAKE_INSTALL_PREFIX=/home/student/git/41068_ws/src/rs1_2025_soil/install/forest_clearance_detector
[0.598s] DEBUG:colcon.colcon_core.event_handler.log_command:Invoking command in '/home/student/git/41068_ws/src/rs1_2025_soil/build/husky_nav_goal': CMAKE_PREFIX_PATH=${CMAKE_PREFIX_PATH}:/home/student/git/41068_ws/install/ugv_dashboard_gui:/home/student/git/41068_ws/install/telemetry_node_pkg:/opt/ros/humble /usr/bin/cmake /home/student/git/41068_ws/src/rs1_2025_soil/husky_nav_goal -DAMENT_CMAKE_SYMLINK_INSTALL=1 -DCMAKE_INSTALL_PREFIX=/home/student/git/41068_ws/src/rs1_2025_soil/install/husky_nav_goal
[0.600s] DEBUG:colcon.colcon_core.event_handler.log_command:Invoking command in '/home/student/git/41068_ws/src/rs1_2025_soil/build/mission_fsm': CMAKE_PREFIX_PATH=${CMAKE_PREFIX_PATH}:/home/student/git/41068_ws/install/ugv_dashboard_gui:/home/student/git/41068_ws/install/telemetry_node_pkg:/opt/ros/humble /usr/bin/cmake /home/student/git/41068_ws/src/rs1_2025_soil/mission_fsm -DAMENT_CMAKE_SYMLINK_INSTALL=1 -DCMAKE_INSTALL_PREFIX=/home/student/git/41068_ws/src/rs1_2025_soil/install/mission_fsm
[0.602s] DEBUG:colcon.colcon_core.event_handler.log_command:Invoking command in '/home/student/git/41068_ws/src/rs1_2025_soil/build/planting_conditions': CMAKE_PREFIX_PATH=${CMAKE_PREFIX_PATH}:/home/student/git/41068_ws/install/ugv_dashboard_gui:/home/student/git/41068_ws/install/telemetry_node_pkg:/opt/ros/humble /usr/bin/cmake /home/student/git/41068_ws/src/rs1_2025_soil/planting_conditions -DAMENT_CMAKE_SYMLINK_INSTALL=1 -DCMAKE_INSTALL_PREFIX=/home/student/git/41068_ws/src/rs1_2025_soil/install/planting_conditions
[0.919s] INFO:colcon.colcon_core.task.python.build:Building Python package in '/home/student/git/41068_ws/src/rs1_2025_soil/telemetry_node_pkg'
[0.919s] INFO:colcon.colcon_core.shell:Skip shell extension 'powershell' for command environment: Not usable outside of PowerShell
[0.919s] DEBUG:colcon.colcon_core.shell:Skip shell extension 'dsv' for command environment
[1.216s] INFO:colcon.colcon_core.task.python.build:Building Python package in '/home/student/git/41068_ws/src/rs1_2025_soil/ugv_dashboard_gui/ugv_dashboard_gui'
[1.216s] INFO:colcon.colcon_core.shell:Skip shell extension 'powershell' for command environment: Not usable outside of PowerShell
[1.216s] DEBUG:colcon.colcon_core.shell:Skip shell extension 'dsv' for command environment
[1.222s] DEBUG:colcon.colcon_core.event_handler.log_command:Invoked command in '/home/student/git/41068_ws/src/rs1_2025_soil/build/41068_ignition_bringup' returned '2': CMAKE_PREFIX_PATH=${CMAKE_PREFIX_PATH}:/home/student/git/41068_ws/install/ugv_dashboard_gui:/home/student/git/41068_ws/install/telemetry_node_pkg:/opt/ros/humble /usr/bin/cmake --build /home/student/git/41068_ws/src/rs1_2025_soil/build/41068_ignition_bringup -- -j8 -l8
[1.241s] Level 1:colcon.colcon_core.environment:create_environment_scripts_only(41068_ignition_bringup)
[1.258s] Level 1:colcon.colcon_core.environment:checking '/home/student/git/41068_ws/src/rs1_2025_soil/install/41068_ignition_bringup' for CMake module files
[1.259s] Level 1:colcon.colcon_core.environment:checking '/home/student/git/41068_ws/src/rs1_2025_soil/install/41068_ignition_bringup' for CMake config files
[1.259s] Level 1:colcon.colcon_core.shell:create_environment_hook('41068_ignition_bringup', 'cmake_prefix_path')
[1.259s] INFO:colcon.colcon_core.shell:Creating environment hook '/home/student/git/41068_ws/src/rs1_2025_soil/install/41068_ignition_bringup/share/41068_ignition_bringup/hook/cmake_prefix_path.ps1'
[1.260s] INFO:colcon.colcon_core.shell:Creating environment descriptor '/home/student/git/41068_ws/src/rs1_2025_soil/install/41068_ignition_bringup/share/41068_ignition_bringup/hook/cmake_prefix_path.dsv'
[1.260s] INFO:colcon.colcon_core.shell:Creating environment hook '/home/student/git/41068_ws/src/rs1_2025_soil/install/41068_ignition_bringup/share/41068_ignition_bringup/hook/cmake_prefix_path.sh'
[1.261s] Level 1:colcon.colcon_core.environment:checking '/home/student/git/41068_ws/src/rs1_2025_soil/install/41068_ignition_bringup/bin'
[1.261s] Level 1:colcon.colcon_core.environment:checking '/home/student/git/41068_ws/src/rs1_2025_soil/install/41068_ignition_bringup/lib/pkgconfig/41068_ignition_bringup.pc'
[1.261s] Level 1:colcon.colcon_core.environment:checking '/home/student/git/41068_ws/src/rs1_2025_soil/install/41068_ignition_bringup/lib/python3.10/site-packages'
[1.262s] Level 1:colcon.colcon_core.environment:checking '/home/student/git/41068_ws/src/rs1_2025_soil/install/41068_ignition_bringup/bin'
[1.262s] INFO:colcon.colcon_core.shell:Creating package script '/home/student/git/41068_ws/src/rs1_2025_soil/install/41068_ignition_bringup/share/41068_ignition_bringup/package.ps1'
[1.263s] INFO:colcon.colcon_core.shell:Creating package descriptor '/home/student/git/41068_ws/src/rs1_2025_soil/install/41068_ignition_bringup/share/41068_ignition_bringup/package.dsv'
[1.290s] INFO:colcon.colcon_core.shell:Creating package script '/home/student/git/41068_ws/src/rs1_2025_soil/install/41068_ignition_bringup/share/41068_ignition_bringup/package.sh'
[1.292s] INFO:colcon.colcon_core.shell:Creating package script '/home/student/git/41068_ws/src/rs1_2025_soil/install/41068_ignition_bringup/share/41068_ignition_bringup/package.bash'
[1.293s] INFO:colcon.colcon_core.shell:Creating package script '/home/student/git/41068_ws/src/rs1_2025_soil/install/41068_ignition_bringup/share/41068_ignition_bringup/package.zsh'
[1.295s] Level 1:colcon.colcon_core.environment:create_file_with_runtime_dependencies(/home/student/git/41068_ws/src/rs1_2025_soil/install/41068_ignition_bringup/share/colcon-core/packages/41068_ignition_bringup)
[4.787s] DEBUG:colcon.colcon_parallel_executor.executor.parallel:closing loop
[4.787s] DEBUG:colcon.colcon_parallel_executor.executor.parallel:loop closed
[4.787s] DEBUG:colcon.colcon_parallel_executor.executor.parallel:run_until_complete finished with '2'
[4.788s] DEBUG:colcon.colcon_core.event_reactor:joining thread
[4.803s] INFO:colcon.colcon_core.plugin_system:Skipping extension 'colcon_notification.desktop_notification.terminal_notifier': Not used on non-Darwin systems
[4.803s] INFO:colcon.colcon_core.plugin_system:Skipping extension 'colcon_notification.desktop_notification.win32': Not used on non-Windows systems
[4.803s] INFO:colcon.colcon_notification.desktop_notification:Sending desktop notification using 'notify2'
[4.827s] DEBUG:colcon.colcon_core.event_reactor:joined thread
[4.828s] INFO:colcon.colcon_core.shell:Creating prefix script '/home/student/git/41068_ws/src/rs1_2025_soil/install/local_setup.ps1'
[4.829s] INFO:colcon.colcon_core.shell:Creating prefix util module '/home/student/git/41068_ws/src/rs1_2025_soil/install/_local_setup_util_ps1.py'
[4.836s] INFO:colcon.colcon_core.shell:Creating prefix chain script '/home/student/git/41068_ws/src/rs1_2025_soil/install/setup.ps1'
[4.842s] INFO:colcon.colcon_core.shell:Creating prefix script '/home/student/git/41068_ws/src/rs1_2025_soil/install/local_setup.sh'
[4.843s] INFO:colcon.colcon_core.shell:Creating prefix util module '/home/student/git/41068_ws/src/rs1_2025_soil/install/_local_setup_util_sh.py'
[4.843s] INFO:colcon.colcon_core.shell:Creating prefix chain script '/home/student/git/41068_ws/src/rs1_2025_soil/install/setup.sh'
[4.849s] INFO:colcon.colcon_core.shell:Creating prefix script '/home/student/git/41068_ws/src/rs1_2025_soil/install/local_setup.bash'
[4.850s] INFO:colcon.colcon_core.shell:Creating prefix chain script '/home/student/git/41068_ws/src/rs1_2025_soil/install/setup.bash'
[4.852s] INFO:colcon.colcon_core.shell:Creating prefix script '/home/student/git/41068_ws/src/rs1_2025_soil/install/local_setup.zsh'
[4.854s] INFO:colcon.colcon_core.shell:Creating prefix chain script '/home/student/git/41068_ws/src/rs1_2025_soil/install/setup.zsh'
