[0.066s] DEBUG:colcon:Command line arguments: ['/usr/bin/colcon', 'build', '--symlink-install']
[0.066s] DEBUG:colcon:Parsed command line arguments: Namespace(log_base=None, log_level=None, verb_name='build', build_base='build', install_base='install', merge_install=False, symlink_install=True, test_result_base=None, continue_on_error=False, executor='parallel', parallel_workers=22, event_handlers=None, ignore_user_meta=False, metas=['./colcon.meta'], base_paths=['.'], packages_ignore=None, packages_ignore_regex=None, paths=None, packages_up_to=None, packages_up_to_regex=None, packages_above=None, packages_above_and_dependencies=None, packages_above_depth=None, packages_select_by_dep=None, packages_skip_by_dep=None, packages_skip_up_to=None, packages_select_build_failed=False, packages_skip_build_finished=False, packages_select_test_failures=False, packages_skip_test_passed=False, packages_select=None, packages_skip=None, packages_select_regex=None, packages_skip_regex=None, packages_start=None, packages_end=None, allow_overriding=[], cmake_args=None, cmake_target=None, cmake_target_skip_unavailable=False, cmake_clean_cache=False, cmake_clean_first=False, cmake_force_configure=False, ament_cmake_args=None, catkin_cmake_args=None, catkin_skip_building_tests=False, mixin_files=None, mixin=None, verb_parser=<colcon_mixin.mixin.mixin_argument.MixinArgumentDecorator object at 0x712bc7489510>, verb_extension=<colcon_core.verb.build.BuildVerb object at 0x712bc7488e20>, main=<bound method BuildVerb.main of <colcon_core.verb.build.BuildVerb object at 0x712bc7488e20>>, mixin_verb=('build',))
[0.168s] Level 1:colcon.colcon_core.package_discovery:discover_packages(colcon_meta) check parameters
[0.168s] Level 1:colcon.colcon_core.package_discovery:discover_packages(recursive) check parameters
[0.168s] Level 1:colcon.colcon_core.package_discovery:discover_packages(ignore) check parameters
[0.168s] Level 1:colcon.colcon_core.package_discovery:discover_packages(path) check parameters
[0.168s] Level 1:colcon.colcon_core.package_discovery:discover_packages(colcon_meta) discover
[0.168s] Level 1:colcon.colcon_core.package_discovery:discover_packages(recursive) discover
[0.168s] INFO:colcon.colcon_core.package_discovery:Crawling recursively for packages in '/home/liv/rs1_2025_clone_ws/src/rs1_2025_soil/ugv_dashboard_gui'
[0.168s] Level 1:colcon.colcon_core.package_identification:_identify(.) by extensions ['ignore', 'ignore_ament_install']
[0.168s] Level 1:colcon.colcon_core.package_identification:_identify(.) by extension 'ignore'
[0.168s] Level 1:colcon.colcon_core.package_identification:_identify(.) by extension 'ignore_ament_install'
[0.168s] Level 1:colcon.colcon_core.package_identification:_identify(.) by extensions ['colcon_pkg']
[0.168s] Level 1:colcon.colcon_core.package_identification:_identify(.) by extension 'colcon_pkg'
[0.168s] Level 1:colcon.colcon_core.package_identification:_identify(.) by extensions ['colcon_meta']
[0.168s] Level 1:colcon.colcon_core.package_identification:_identify(.) by extension 'colcon_meta'
[0.168s] Level 1:colcon.colcon_core.package_identification:_identify(.) by extensions ['ros']
[0.168s] Level 1:colcon.colcon_core.package_identification:_identify(.) by extension 'ros'
[0.188s] Level 1:colcon.colcon_core.package_identification:_identify(.) by extensions ['cmake', 'python']
[0.188s] Level 1:colcon.colcon_core.package_identification:_identify(.) by extension 'cmake'
[0.188s] Level 1:colcon.colcon_core.package_identification:_identify(.) by extension 'python'
[0.188s] Level 1:colcon.colcon_core.package_identification:_identify(.) by extensions ['python_setup_py']
[0.188s] Level 1:colcon.colcon_core.package_identification:_identify(.) by extension 'python_setup_py'
[0.188s] Level 1:colcon.colcon_core.package_identification:_identify(build) by extensions ['ignore', 'ignore_ament_install']
[0.188s] Level 1:colcon.colcon_core.package_identification:_identify(build) by extension 'ignore'
[0.188s] Level 1:colcon.colcon_core.package_identification:_identify(build) ignored
[0.188s] Level 1:colcon.colcon_core.package_identification:_identify(install) by extensions ['ignore', 'ignore_ament_install']
[0.188s] Level 1:colcon.colcon_core.package_identification:_identify(install) by extension 'ignore'
[0.188s] Level 1:colcon.colcon_core.package_identification:_identify(install) ignored
[0.188s] Level 1:colcon.colcon_core.package_identification:_identify(log) by extensions ['ignore', 'ignore_ament_install']
[0.188s] Level 1:colcon.colcon_core.package_identification:_identify(log) by extension 'ignore'
[0.188s] Level 1:colcon.colcon_core.package_identification:_identify(log) ignored
[0.188s] Level 1:colcon.colcon_core.package_identification:_identify(ugv_dashboard_gui) by extensions ['ignore', 'ignore_ament_install']
[0.188s] Level 1:colcon.colcon_core.package_identification:_identify(ugv_dashboard_gui) by extension 'ignore'
[0.188s] Level 1:colcon.colcon_core.package_identification:_identify(ugv_dashboard_gui) by extension 'ignore_ament_install'
[0.188s] Level 1:colcon.colcon_core.package_identification:_identify(ugv_dashboard_gui) by extensions ['colcon_pkg']
[0.188s] Level 1:colcon.colcon_core.package_identification:_identify(ugv_dashboard_gui) by extension 'colcon_pkg'
[0.188s] Level 1:colcon.colcon_core.package_identification:_identify(ugv_dashboard_gui) by extensions ['colcon_meta']
[0.188s] Level 1:colcon.colcon_core.package_identification:_identify(ugv_dashboard_gui) by extension 'colcon_meta'
[0.189s] Level 1:colcon.colcon_core.package_identification:_identify(ugv_dashboard_gui) by extensions ['ros']
[0.189s] Level 1:colcon.colcon_core.package_identification:_identify(ugv_dashboard_gui) by extension 'ros'
[0.190s] DEBUG:colcon.colcon_core.package_identification:Package 'ugv_dashboard_gui' with type 'ros.ament_python' and name 'ugv_dashboard_gui'
[0.190s] Level 1:colcon.colcon_core.package_discovery:discover_packages(recursive) using defaults
[0.190s] Level 1:colcon.colcon_core.package_discovery:discover_packages(ignore) discover
[0.190s] Level 1:colcon.colcon_core.package_discovery:discover_packages(ignore) using defaults
[0.190s] Level 1:colcon.colcon_core.package_discovery:discover_packages(path) discover
[0.190s] Level 1:colcon.colcon_core.package_discovery:discover_packages(path) using defaults
[0.202s] Level 1:colcon.colcon_core.package_discovery:discover_packages(prefix_path) check parameters
[0.202s] Level 1:colcon.colcon_core.package_discovery:discover_packages(prefix_path) discover
[0.204s] DEBUG:colcon.colcon_installed_package_information.package_discovery:Found 1 installed packages in /home/liv/rs1_2025_clone_ws/src/rs1_2025_soil/ugv_dashboard_gui/install
[0.204s] DEBUG:colcon.colcon_installed_package_information.package_discovery:Found 7 installed packages in /home/liv/rs1_2025_clone_ws/src/rs1_2025_soil/install
[0.204s] DEBUG:colcon.colcon_installed_package_information.package_discovery:Found 11 installed packages in /home/liv/ros2_ws/install
[0.205s] DEBUG:colcon.colcon_installed_package_information.package_discovery:Found 1 installed packages in /home/liv/ros2_ws/src/install
[0.205s] DEBUG:colcon.colcon_installed_package_information.package_discovery:Found 6 installed packages in /home/liv/rs1_2025_soil/install
[0.205s] DEBUG:colcon.colcon_installed_package_information.package_discovery:Found 7 installed packages in /home/liv/rs1_2025_clone_ws/install
[0.207s] DEBUG:colcon.colcon_installed_package_information.package_discovery:Found 442 installed packages in /opt/ros/humble
[0.208s] Level 1:colcon.colcon_core.package_discovery:discover_packages(prefix_path) using defaults
[0.237s] Level 5:colcon.colcon_core.verb:set package 'ugv_dashboard_gui' build argument 'cmake_args' from command line to 'None'
[0.237s] Level 5:colcon.colcon_core.verb:set package 'ugv_dashboard_gui' build argument 'cmake_target' from command line to 'None'
[0.237s] Level 5:colcon.colcon_core.verb:set package 'ugv_dashboard_gui' build argument 'cmake_target_skip_unavailable' from command line to 'False'
[0.237s] Level 5:colcon.colcon_core.verb:set package 'ugv_dashboard_gui' build argument 'cmake_clean_cache' from command line to 'False'
[0.237s] Level 5:colcon.colcon_core.verb:set package 'ugv_dashboard_gui' build argument 'cmake_clean_first' from command line to 'False'
[0.237s] Level 5:colcon.colcon_core.verb:set package 'ugv_dashboard_gui' build argument 'cmake_force_configure' from command line to 'False'
[0.237s] Level 5:colcon.colcon_core.verb:set package 'ugv_dashboard_gui' build argument 'ament_cmake_args' from command line to 'None'
[0.237s] Level 5:colcon.colcon_core.verb:set package 'ugv_dashboard_gui' build argument 'catkin_cmake_args' from command line to 'None'
[0.237s] Level 5:colcon.colcon_core.verb:set package 'ugv_dashboard_gui' build argument 'catkin_skip_building_tests' from command line to 'False'
[0.237s] DEBUG:colcon.colcon_core.verb:Building package 'ugv_dashboard_gui' with the following arguments: {'ament_cmake_args': None, 'build_base': '/home/liv/rs1_2025_clone_ws/src/rs1_2025_soil/ugv_dashboard_gui/build/ugv_dashboard_gui', 'catkin_cmake_args': None, 'catkin_skip_building_tests': False, 'cmake_args': None, 'cmake_clean_cache': False, 'cmake_clean_first': False, 'cmake_force_configure': False, 'cmake_target': None, 'cmake_target_skip_unavailable': False, 'install_base': '/home/liv/rs1_2025_clone_ws/src/rs1_2025_soil/ugv_dashboard_gui/install/ugv_dashboard_gui', 'merge_install': False, 'path': '/home/liv/rs1_2025_clone_ws/src/rs1_2025_soil/ugv_dashboard_gui/ugv_dashboard_gui', 'symlink_install': True, 'test_result_base': None}
[0.237s] INFO:colcon.colcon_core.executor:Executing jobs using 'parallel' executor
[0.238s] DEBUG:colcon.colcon_parallel_executor.executor.parallel:run_until_complete
[0.238s] INFO:colcon.colcon_ros.task.ament_python.build:Building ROS package in '/home/liv/rs1_2025_clone_ws/src/rs1_2025_soil/ugv_dashboard_gui/ugv_dashboard_gui' with build type 'ament_python'
[0.238s] Level 1:colcon.colcon_core.shell:create_environment_hook('ugv_dashboard_gui', 'ament_prefix_path')
[0.240s] INFO:colcon.colcon_core.plugin_system:Skipping extension 'colcon_core.shell.bat': Not used on non-Windows systems
[0.240s] INFO:colcon.colcon_core.shell:Creating environment hook '/home/liv/rs1_2025_clone_ws/src/rs1_2025_soil/ugv_dashboard_gui/install/ugv_dashboard_gui/share/ugv_dashboard_gui/hook/ament_prefix_path.ps1'
[0.240s] INFO:colcon.colcon_core.shell:Creating environment descriptor '/home/liv/rs1_2025_clone_ws/src/rs1_2025_soil/ugv_dashboard_gui/install/ugv_dashboard_gui/share/ugv_dashboard_gui/hook/ament_prefix_path.dsv'
[0.241s] INFO:colcon.colcon_core.shell:Creating environment hook '/home/liv/rs1_2025_clone_ws/src/rs1_2025_soil/ugv_dashboard_gui/install/ugv_dashboard_gui/share/ugv_dashboard_gui/hook/ament_prefix_path.sh'
[0.241s] INFO:colcon.colcon_core.shell:Skip shell extension 'powershell' for command environment: Not usable outside of PowerShell
[0.241s] DEBUG:colcon.colcon_core.shell:Skip shell extension 'dsv' for command environment
[0.411s] INFO:colcon.colcon_core.task.python.build:Building Python package in '/home/liv/rs1_2025_clone_ws/src/rs1_2025_soil/ugv_dashboard_gui/ugv_dashboard_gui'
[0.411s] INFO:colcon.colcon_core.shell:Skip shell extension 'powershell' for command environment: Not usable outside of PowerShell
[0.411s] DEBUG:colcon.colcon_core.shell:Skip shell extension 'dsv' for command environment
[0.638s] DEBUG:colcon.colcon_core.event_handler.log_command:Invoking command in '/home/liv/rs1_2025_clone_ws/src/rs1_2025_soil/ugv_dashboard_gui/build/ugv_dashboard_gui': PYTHONPATH=/home/liv/rs1_2025_clone_ws/src/rs1_2025_soil/ugv_dashboard_gui/build/ugv_dashboard_gui/prefix_override:/usr/lib/python3/dist-packages/colcon_core/task/python/colcon_distutils_commands:/home/liv/rs1_2025_clone_ws/src/rs1_2025_soil/ugv_dashboard_gui/install/ugv_dashboard_gui/lib/python3.10/site-packages:${PYTHONPATH} /usr/bin/python3 -W ignore:setup.py install is deprecated -W ignore:easy_install command is deprecated setup.py develop --editable --build-directory /home/liv/rs1_2025_clone_ws/src/rs1_2025_soil/ugv_dashboard_gui/build/ugv_dashboard_gui/build --no-deps symlink_data
[0.942s] Level 1:colcon.colcon_core.shell:create_environment_hook('ugv_dashboard_gui', 'pythonpath_develop')
[0.942s] DEBUG:colcon.colcon_core.event_handler.log_command:Invoked command in '/home/liv/rs1_2025_clone_ws/src/rs1_2025_soil/ugv_dashboard_gui/build/ugv_dashboard_gui' returned '0': PYTHONPATH=/home/liv/rs1_2025_clone_ws/src/rs1_2025_soil/ugv_dashboard_gui/build/ugv_dashboard_gui/prefix_override:/usr/lib/python3/dist-packages/colcon_core/task/python/colcon_distutils_commands:/home/liv/rs1_2025_clone_ws/src/rs1_2025_soil/ugv_dashboard_gui/install/ugv_dashboard_gui/lib/python3.10/site-packages:${PYTHONPATH} /usr/bin/python3 -W ignore:setup.py install is deprecated -W ignore:easy_install command is deprecated setup.py develop --editable --build-directory /home/liv/rs1_2025_clone_ws/src/rs1_2025_soil/ugv_dashboard_gui/build/ugv_dashboard_gui/build --no-deps symlink_data
[0.943s] INFO:colcon.colcon_core.shell:Creating environment hook '/home/liv/rs1_2025_clone_ws/src/rs1_2025_soil/ugv_dashboard_gui/build/ugv_dashboard_gui/share/ugv_dashboard_gui/hook/pythonpath_develop.ps1'
[0.944s] INFO:colcon.colcon_core.shell:Creating environment descriptor '/home/liv/rs1_2025_clone_ws/src/rs1_2025_soil/ugv_dashboard_gui/build/ugv_dashboard_gui/share/ugv_dashboard_gui/hook/pythonpath_develop.dsv'
[0.945s] INFO:colcon.colcon_core.shell:Creating environment hook '/home/liv/rs1_2025_clone_ws/src/rs1_2025_soil/ugv_dashboard_gui/build/ugv_dashboard_gui/share/ugv_dashboard_gui/hook/pythonpath_develop.sh'
[0.948s] Level 1:colcon.colcon_core.environment:checking '/home/liv/rs1_2025_clone_ws/src/rs1_2025_soil/ugv_dashboard_gui/install/ugv_dashboard_gui' for CMake module files
[0.948s] Level 1:colcon.colcon_core.environment:checking '/home/liv/rs1_2025_clone_ws/src/rs1_2025_soil/ugv_dashboard_gui/install/ugv_dashboard_gui' for CMake config files
[0.949s] Level 1:colcon.colcon_core.environment:checking '/home/liv/rs1_2025_clone_ws/src/rs1_2025_soil/ugv_dashboard_gui/install/ugv_dashboard_gui/lib'
[0.949s] Level 1:colcon.colcon_core.environment:checking '/home/liv/rs1_2025_clone_ws/src/rs1_2025_soil/ugv_dashboard_gui/install/ugv_dashboard_gui/bin'
[0.949s] Level 1:colcon.colcon_core.environment:checking '/home/liv/rs1_2025_clone_ws/src/rs1_2025_soil/ugv_dashboard_gui/install/ugv_dashboard_gui/lib/pkgconfig/ugv_dashboard_gui.pc'
[0.949s] Level 1:colcon.colcon_core.environment:checking '/home/liv/rs1_2025_clone_ws/src/rs1_2025_soil/ugv_dashboard_gui/install/ugv_dashboard_gui/lib/python3.10/site-packages'
[0.949s] Level 1:colcon.colcon_core.shell:create_environment_hook('ugv_dashboard_gui', 'pythonpath')
[0.950s] INFO:colcon.colcon_core.shell:Creating environment hook '/home/liv/rs1_2025_clone_ws/src/rs1_2025_soil/ugv_dashboard_gui/install/ugv_dashboard_gui/share/ugv_dashboard_gui/hook/pythonpath.ps1'
[0.950s] INFO:colcon.colcon_core.shell:Creating environment descriptor '/home/liv/rs1_2025_clone_ws/src/rs1_2025_soil/ugv_dashboard_gui/install/ugv_dashboard_gui/share/ugv_dashboard_gui/hook/pythonpath.dsv'
[0.950s] INFO:colcon.colcon_core.shell:Creating environment hook '/home/liv/rs1_2025_clone_ws/src/rs1_2025_soil/ugv_dashboard_gui/install/ugv_dashboard_gui/share/ugv_dashboard_gui/hook/pythonpath.sh'
[0.950s] Level 1:colcon.colcon_core.environment:checking '/home/liv/rs1_2025_clone_ws/src/rs1_2025_soil/ugv_dashboard_gui/install/ugv_dashboard_gui/bin'
[0.950s] Level 1:colcon.colcon_core.environment:create_environment_scripts_only(ugv_dashboard_gui)
[0.951s] INFO:colcon.colcon_core.shell:Creating package script '/home/liv/rs1_2025_clone_ws/src/rs1_2025_soil/ugv_dashboard_gui/install/ugv_dashboard_gui/share/ugv_dashboard_gui/package.ps1'
[0.951s] INFO:colcon.colcon_core.shell:Creating package descriptor '/home/liv/rs1_2025_clone_ws/src/rs1_2025_soil/ugv_dashboard_gui/install/ugv_dashboard_gui/share/ugv_dashboard_gui/package.dsv'
[0.951s] INFO:colcon.colcon_core.shell:Creating package script '/home/liv/rs1_2025_clone_ws/src/rs1_2025_soil/ugv_dashboard_gui/install/ugv_dashboard_gui/share/ugv_dashboard_gui/package.sh'
[0.952s] INFO:colcon.colcon_core.shell:Creating package script '/home/liv/rs1_2025_clone_ws/src/rs1_2025_soil/ugv_dashboard_gui/install/ugv_dashboard_gui/share/ugv_dashboard_gui/package.bash'
[0.952s] INFO:colcon.colcon_core.shell:Creating package script '/home/liv/rs1_2025_clone_ws/src/rs1_2025_soil/ugv_dashboard_gui/install/ugv_dashboard_gui/share/ugv_dashboard_gui/package.zsh'
[0.952s] Level 1:colcon.colcon_core.environment:create_file_with_runtime_dependencies(/home/liv/rs1_2025_clone_ws/src/rs1_2025_soil/ugv_dashboard_gui/install/ugv_dashboard_gui/share/colcon-core/packages/ugv_dashboard_gui)
[0.953s] DEBUG:colcon.colcon_parallel_executor.executor.parallel:closing loop
[0.953s] DEBUG:colcon.colcon_parallel_executor.executor.parallel:loop closed
[0.953s] DEBUG:colcon.colcon_parallel_executor.executor.parallel:run_until_complete finished with '0'
[0.953s] DEBUG:colcon.colcon_core.event_reactor:joining thread
[0.957s] INFO:colcon.colcon_core.plugin_system:Skipping extension 'colcon_notification.desktop_notification.terminal_notifier': Not used on non-Darwin systems
[0.957s] INFO:colcon.colcon_core.plugin_system:Skipping extension 'colcon_notification.desktop_notification.win32': Not used on non-Windows systems
[0.957s] INFO:colcon.colcon_notification.desktop_notification:Sending desktop notification using 'notify2'
[0.967s] DEBUG:colcon.colcon_core.event_reactor:joined thread
[0.968s] INFO:colcon.colcon_core.shell:Creating prefix script '/home/liv/rs1_2025_clone_ws/src/rs1_2025_soil/ugv_dashboard_gui/install/local_setup.ps1'
[0.968s] INFO:colcon.colcon_core.shell:Creating prefix util module '/home/liv/rs1_2025_clone_ws/src/rs1_2025_soil/ugv_dashboard_gui/install/_local_setup_util_ps1.py'
[0.969s] INFO:colcon.colcon_core.shell:Creating prefix chain script '/home/liv/rs1_2025_clone_ws/src/rs1_2025_soil/ugv_dashboard_gui/install/setup.ps1'
[0.970s] INFO:colcon.colcon_core.shell:Creating prefix script '/home/liv/rs1_2025_clone_ws/src/rs1_2025_soil/ugv_dashboard_gui/install/local_setup.sh'
[0.970s] INFO:colcon.colcon_core.shell:Creating prefix util module '/home/liv/rs1_2025_clone_ws/src/rs1_2025_soil/ugv_dashboard_gui/install/_local_setup_util_sh.py'
[0.971s] INFO:colcon.colcon_core.shell:Creating prefix chain script '/home/liv/rs1_2025_clone_ws/src/rs1_2025_soil/ugv_dashboard_gui/install/setup.sh'
[0.972s] INFO:colcon.colcon_core.shell:Creating prefix script '/home/liv/rs1_2025_clone_ws/src/rs1_2025_soil/ugv_dashboard_gui/install/local_setup.bash'
[0.972s] INFO:colcon.colcon_core.shell:Creating prefix chain script '/home/liv/rs1_2025_clone_ws/src/rs1_2025_soil/ugv_dashboard_gui/install/setup.bash'
[0.973s] INFO:colcon.colcon_core.shell:Creating prefix script '/home/liv/rs1_2025_clone_ws/src/rs1_2025_soil/ugv_dashboard_gui/install/local_setup.zsh'
[0.973s] INFO:colcon.colcon_core.shell:Creating prefix chain script '/home/liv/rs1_2025_clone_ws/src/rs1_2025_soil/ugv_dashboard_gui/install/setup.zsh'
