[0.058s] Invoking command in '/home/student/git/41068_ws/src/rs1_2025_soil/build/planting_conditions': CMAKE_PREFIX_PATH=${CMAKE_PREFIX_PATH}:/home/student/git/41068_ws/install/ugv_dashboard_gui:/home/student/git/41068_ws/install/telemetry_node_pkg:/opt/ros/humble /usr/bin/cmake /home/student/git/41068_ws/src/rs1_2025_soil/planting_conditions -DAMENT_CMAKE_SYMLINK_INSTALL=1 -DCMAKE_INSTALL_PREFIX=/home/student/git/41068_ws/src/rs1_2025_soil/install/planting_conditions
[0.965s] -- The C compiler identification is GNU 11.4.0
[1.393s] -- The CXX compiler identification is GNU 11.4.0
[1.436s] -- Detecting C compiler ABI info
[1.567s] -- Detecting C compiler ABI info - done
[1.581s] -- Check for working C compiler: /usr/bin/cc - skipped
[1.582s] -- Detecting C compile features
[1.582s] -- Detecting C compile features - done
[1.587s] -- Detecting CXX compiler ABI info
[1.718s] -- Detecting CXX compiler ABI info - done
[1.727s] -- Check for working CXX compiler: /usr/bin/c++ - skipped
[1.727s] -- Detecting CXX compile features
[1.728s] -- Detecting CXX compile features - done
[1.741s] -- Found ament_cmake: 1.3.12 (/opt/ros/humble/share/ament_cmake/cmake)
[1.998s] -- Found Python3: /usr/bin/python3 (found version "3.10.12") found components: Interpreter 
[2.090s] -- Override CMake install command with custom implementation using symlinks instead of copying resources
[2.203s] -- Found rclcpp: 16.0.15 (/opt/ros/humble/share/rclcpp/cmake)
[2.353s] -- Found rosidl_generator_c: 3.1.7 (/opt/ros/humble/share/rosidl_generator_c/cmake)
[2.364s] -- Found rosidl_adapter: 3.1.7 (/opt/ros/humble/share/rosidl_adapter/cmake)
[2.394s] -- Found rosidl_generator_cpp: 3.1.7 (/opt/ros/humble/share/rosidl_generator_cpp/cmake)
[2.423s] -- Using all available rosidl_typesupport_c: rosidl_typesupport_fastrtps_c;rosidl_typesupport_introspection_c
[2.464s] -- Using all available rosidl_typesupport_cpp: rosidl_typesupport_fastrtps_cpp;rosidl_typesupport_introspection_cpp
[2.608s] -- Found rmw_implementation_cmake: 6.1.2 (/opt/ros/humble/share/rmw_implementation_cmake/cmake)
[2.619s] -- Found rmw_fastrtps_cpp: 6.2.9 (/opt/ros/humble/share/rmw_fastrtps_cpp/cmake)
[2.803s] -- Found OpenSSL: /usr/lib/x86_64-linux-gnu/libcrypto.so (found version "3.0.2")  
[2.858s] -- Found FastRTPS: /opt/ros/humble/include  
[2.911s] -- Using RMW implementation 'rmw_fastrtps_cpp' as default
[2.940s] -- Looking for pthread.h
[3.104s] -- Looking for pthread.h - found
[3.106s] -- Performing Test CMAKE_HAVE_LIBC_PTHREAD
[3.193s] -- Performing Test CMAKE_HAVE_LIBC_PTHREAD - Success
[3.194s] -- Found Threads: TRUE  
[3.380s] -- Found geometry_msgs: 4.9.0 (/opt/ros/humble/share/geometry_msgs/cmake)
[3.423s] -- Found std_srvs: 4.9.0 (/opt/ros/humble/share/std_srvs/cmake)
[3.469s] -- Found visualization_msgs: 4.9.0 (/opt/ros/humble/share/visualization_msgs/cmake)
[3.540s] -- Found nav_msgs: 4.9.0 (/opt/ros/humble/share/nav_msgs/cmake)
[3.564s] -- Found tf2: 0.25.16 (/opt/ros/humble/share/tf2/cmake)
[3.577s] -- Found tf2_ros: 0.25.16 (/opt/ros/humble/share/tf2_ros/cmake)
[3.712s] -- Found tf2_geometry_msgs: 0.25.16 (/opt/ros/humble/share/tf2_geometry_msgs/cmake)
[3.977s] -- Found eigen3_cmake_module: 0.1.1 (/opt/ros/humble/share/eigen3_cmake_module/cmake)
[3.983s] -- Found Eigen3: TRUE (found version "3.4.0") 
[3.984s] -- Ensuring Eigen3 include directory is part of orocos-kdl CMake target
[4.075s] -- Configuring done
[4.210s] -- Generating done
[4.226s] -- Build files have been written to: /home/student/git/41068_ws/src/rs1_2025_soil/build/planting_conditions
