[0.039s] Invoking command in '/home/student/git/41068_ws/src/rs1_2025_soil/build/planting_conditions': CMAKE_PREFIX_PATH=${CMAKE_PREFIX_PATH}:/home/student/git/41068_ws/install/ugv_dashboard_gui:/home/student/git/41068_ws/install/telemetry_node_pkg:/opt/ros/humble /usr/bin/cmake --build /home/student/git/41068_ws/src/rs1_2025_soil/build/planting_conditions -- -j8 -l8
[0.673s] [  7%] [32mBuilding CXX object CMakeFiles/soil_prep_fsm.dir/src/soil_prep_fsm.cpp.o[0m
[0.673s] [ 14%] [32mBuilding CXX object CMakeFiles/water_level_sim.dir/src/water_level_sim.cpp.o[0m
[0.673s] [ 21%] [32mBuilding CXX object CMakeFiles/cover_sim.dir/src/cover_sim.cpp.o[0m
[0.673s] [ 28%] [32mBuilding CXX object CMakeFiles/straight_drive.dir/src/straight_drive.cpp.o[0m
[0.673s] [ 50%] [32mBuilding CXX object CMakeFiles/planting_site_markers.dir/src/planting_site_markers.cpp.o[0m
[0.674s] [ 50%] [32mBuilding CXX object CMakeFiles/irrigation_sim.dir/src/irrigation_sim.cpp.o[0m
[0.674s] [ 35%] [32mBuilding CXX object CMakeFiles/planting_sim.dir/src/planting_sim.cpp.o[0m
[4.510s] gmake[2]: *** wait: No child processes.  Stop.
[4.510s] gmake[2]: *** Waiting for unfinished jobs....
[4.510s] gmake[2]: *** wait: No child processes.  Stop.
[4.510s] gmake[2]: *** [CMakeFiles/irrigation_sim.dir/build.make:76: CMakeFiles/irrigation_sim.dir/src/irrigation_sim.cpp.o] Interrupt
[4.514s] gmake[2]: *** wait: No child processes.  Stop.
[4.514s] gmake[2]: *** Waiting for unfinished jobs....
[4.514s] gmake[2]: *** wait: No child processes.  Stop.
[4.514s] gmake[2]: *** [CMakeFiles/cover_sim.dir/build.make:76: CMakeFiles/cover_sim.dir/src/cover_sim.cpp.o] Interrupt
[4.514s] gmake[2]: *** [CMakeFiles/planting_sim.dir/build.make:76: CMakeFiles/planting_sim.dir/src/planting_sim.cpp.o] Interrupt
[4.514s] gmake[2]: *** [CMakeFiles/water_level_sim.dir/build.make:76: CMakeFiles/water_level_sim.dir/src/water_level_sim.cpp.o] Interrupt
[4.515s] gmake[1]: *** [CMakeFiles/Makefile2:175: CMakeFiles/straight_drive.dir/all] Error 2
[4.515s] gmake[1]: *** [CMakeFiles/Makefile2:201: CMakeFiles/water_level_sim.dir/all] Interrupt
[4.515s] gmake[1]: *** [CMakeFiles/Makefile2:253: CMakeFiles/cover_sim.dir/all] Interrupt
[4.515s] gmake[1]: *** [CMakeFiles/Makefile2:227: CMakeFiles/planting_sim.dir/all] Interrupt
[4.515s] gmake[1]: *** [CMakeFiles/Makefile2:279: CMakeFiles/irrigation_sim.dir/all] Interrupt
[4.515s] gmake[2]: *** [CMakeFiles/planting_site_markers.dir/build.make:76: CMakeFiles/planting_site_markers.dir/src/planting_site_markers.cpp.o] Interrupt
[4.519s] gmake[1]: *** [CMakeFiles/Makefile2:305: CMakeFiles/planting_site_markers.dir/all] Interrupt
[4.519s] gmake[1]: *** wait: No child processes.  Stop.
[4.519s] gmake[1]: *** Waiting for unfinished jobs....
[4.519s] gmake[1]: *** wait: No child processes.  Stop.
[4.519s] gmake: *** [Makefile:146: all] Error 2
