[0.007s] Invoking command in '/home/sophie/git/rs1_2025_soil/build/41068_ignition_bringup': CMAKE_PREFIX_PATH=/opt/ros/humble /usr/bin/cmake /home/sophie/git/rs1_2025_soil/41068_ignition_bringup -DAMENT_CMAKE_SYMLINK_INSTALL=1 -DCMAKE_INSTALL_PREFIX=/home/sophie/git/rs1_2025_soil/install/41068_ignition_bringup
[0.017s] -- Found ament_cmake: 1.3.12 (/opt/ros/humble/share/ament_cmake/cmake)
[0.108s] -- Override CMake install command with custom implementation using symlinks instead of copying resources
[0.114s] -- Found ros_ign_interfaces: 0.244.20 (/opt/ros/humble/share/ros_ign_interfaces/cmake)
[0.129s] -- Found rosidl_generator_c: 3.1.7 (/opt/ros/humble/share/rosidl_generator_c/cmake)
[0.131s] -- Found rosidl_adapter: 3.1.7 (/opt/ros/humble/share/rosidl_adapter/cmake)
[0.135s] -- Found rosidl_generator_cpp: 3.1.7 (/opt/ros/humble/share/rosidl_generator_cpp/cmake)
[0.141s] -- Using all available rosidl_typesupport_c: rosidl_typesupport_fastrtps_c;rosidl_typesupport_introspection_c
[0.148s] -- Using all available rosidl_typesupport_cpp: rosidl_typesupport_fastrtps_cpp;rosidl_typesupport_introspection_cpp
[0.200s] -- Found ament_lint_auto: 0.12.14 (/opt/ros/humble/share/ament_lint_auto/cmake)
[0.234s] WARNING: Package name "41068_ignition_bringup" does not follow the naming conventions. It should start with a lower case letter and only contain lower case letters, digits, underscores, and dashes.
[0.244s] -- Added test 'copyright' to check source files copyright and LICENSE
[0.247s] -- Added test 'flake8' to check Python code syntax and style conventions
[0.248s] -- Added test 'lint_cmake' to check CMake code style
[0.248s] -- Added test 'pep257' to check Python code against some of the docstring style conventions in PEP 257
[0.250s] -- Added test 'xmllint' to check XML markup files
[0.250s] -- Configuring done
[0.252s] -- Generating done
[0.253s] -- Build files have been written to: /home/sophie/git/rs1_2025_soil/build/41068_ignition_bringup
[0.256s] Invoked command in '/home/sophie/git/rs1_2025_soil/build/41068_ignition_bringup' returned '0': CMAKE_PREFIX_PATH=/opt/ros/humble /usr/bin/cmake /home/sophie/git/rs1_2025_soil/41068_ignition_bringup -DAMENT_CMAKE_SYMLINK_INSTALL=1 -DCMAKE_INSTALL_PREFIX=/home/sophie/git/rs1_2025_soil/install/41068_ignition_bringup
[0.257s] Invoking command in '/home/sophie/git/rs1_2025_soil/build/41068_ignition_bringup': CMAKE_PREFIX_PATH=/opt/ros/humble /usr/bin/cmake --build /home/sophie/git/rs1_2025_soil/build/41068_ignition_bringup -- -j20 -l20
[0.298s] Invoked command in '/home/sophie/git/rs1_2025_soil/build/41068_ignition_bringup' returned '0': CMAKE_PREFIX_PATH=/opt/ros/humble /usr/bin/cmake --build /home/sophie/git/rs1_2025_soil/build/41068_ignition_bringup -- -j20 -l20
[0.308s] Invoking command in '/home/sophie/git/rs1_2025_soil/build/41068_ignition_bringup': CMAKE_PREFIX_PATH=/opt/ros/humble /usr/bin/cmake --install /home/sophie/git/rs1_2025_soil/build/41068_ignition_bringup
[0.316s] -- Install configuration: ""
[0.316s] -- Execute custom install script
[0.317s] -- Symlinking: /home/sophie/git/rs1_2025_soil/install/41068_ignition_bringup/share/41068_ignition_bringup/config/41068.rviz
[0.324s] -- Symlinking: /home/sophie/git/rs1_2025_soil/install/41068_ignition_bringup/share/41068_ignition_bringup/config/gazebo_bridge.yaml
[0.332s] -- Symlinking: /home/sophie/git/rs1_2025_soil/install/41068_ignition_bringup/share/41068_ignition_bringup/config/nav2_params.yaml
[0.340s] -- Symlinking: /home/sophie/git/rs1_2025_soil/install/41068_ignition_bringup/share/41068_ignition_bringup/config/robot_localization.yaml
[0.349s] -- Symlinking: /home/sophie/git/rs1_2025_soil/install/41068_ignition_bringup/share/41068_ignition_bringup/config/slam_params.yaml
[0.360s] -- Symlinking: /home/sophie/git/rs1_2025_soil/install/41068_ignition_bringup/share/41068_ignition_bringup/launch/41068_ignition.launch.py
[0.370s] -- Symlinking: /home/sophie/git/rs1_2025_soil/install/41068_ignition_bringup/share/41068_ignition_bringup/launch/41068_navigation.launch.py
[0.379s] -- Symlinking: /home/sophie/git/rs1_2025_soil/install/41068_ignition_bringup/share/41068_ignition_bringup/models/LACING_SHEEP/materials/textures/texture.png
[0.389s] -- Symlinking: /home/sophie/git/rs1_2025_soil/install/41068_ignition_bringup/share/41068_ignition_bringup/models/LACING_SHEEP/meshes/model.mtl
[0.397s] -- Symlinking: /home/sophie/git/rs1_2025_soil/install/41068_ignition_bringup/share/41068_ignition_bringup/models/LACING_SHEEP/meshes/model.obj
[0.406s] -- Symlinking: /home/sophie/git/rs1_2025_soil/install/41068_ignition_bringup/share/41068_ignition_bringup/models/LACING_SHEEP/metadata.pbtxt
[0.416s] -- Symlinking: /home/sophie/git/rs1_2025_soil/install/41068_ignition_bringup/share/41068_ignition_bringup/models/LACING_SHEEP/model.config
[0.425s] -- Symlinking: /home/sophie/git/rs1_2025_soil/install/41068_ignition_bringup/share/41068_ignition_bringup/models/LACING_SHEEP/model.sdf
[0.432s] -- Symlinking: /home/sophie/git/rs1_2025_soil/install/41068_ignition_bringup/share/41068_ignition_bringup/models/LACING_SHEEP/thumbnails/0.jpg
[0.439s] -- Symlinking: /home/sophie/git/rs1_2025_soil/install/41068_ignition_bringup/share/41068_ignition_bringup/models/LACING_SHEEP/thumbnails/1.jpg
[0.449s] -- Symlinking: /home/sophie/git/rs1_2025_soil/install/41068_ignition_bringup/share/41068_ignition_bringup/models/LACING_SHEEP/thumbnails/2.jpg
[0.459s] -- Symlinking: /home/sophie/git/rs1_2025_soil/install/41068_ignition_bringup/share/41068_ignition_bringup/models/LACING_SHEEP/thumbnails/3.jpg
[0.468s] -- Symlinking: /home/sophie/git/rs1_2025_soil/install/41068_ignition_bringup/share/41068_ignition_bringup/models/LACING_SHEEP/thumbnails/4.jpg
[0.477s] -- Symlinking: /home/sophie/git/rs1_2025_soil/install/41068_ignition_bringup/share/41068_ignition_bringup/models/forest_plane/materials/textures/empty_grass.png
[0.487s] -- Symlinking: /home/sophie/git/rs1_2025_soil/install/41068_ignition_bringup/share/41068_ignition_bringup/models/forest_plane/materials/textures/forest_overhead.png
[0.497s] -- Symlinking: /home/sophie/git/rs1_2025_soil/install/41068_ignition_bringup/share/41068_ignition_bringup/models/forest_plane/materials/textures/leaf_litter.png
[0.506s] -- Symlinking: /home/sophie/git/rs1_2025_soil/install/41068_ignition_bringup/share/41068_ignition_bringup/models/forest_plane/model.config
[0.516s] -- Symlinking: /home/sophie/git/rs1_2025_soil/install/41068_ignition_bringup/share/41068_ignition_bringup/models/forest_plane/model.sdf
[0.526s] -- Symlinking: /home/sophie/git/rs1_2025_soil/install/41068_ignition_bringup/share/41068_ignition_bringup/models/forest_wall/materials/textures/forest_wall.png
[0.537s] -- Symlinking: /home/sophie/git/rs1_2025_soil/install/41068_ignition_bringup/share/41068_ignition_bringup/models/forest_wall/materials/textures/forest_wall_transparent.png
[0.545s] -- Symlinking: /home/sophie/git/rs1_2025_soil/install/41068_ignition_bringup/share/41068_ignition_bringup/models/forest_wall/materials/textures/forest_wall_transparent_small.png
[0.555s] -- Symlinking: /home/sophie/git/rs1_2025_soil/install/41068_ignition_bringup/share/41068_ignition_bringup/models/forest_wall/model.config
[0.564s] -- Symlinking: /home/sophie/git/rs1_2025_soil/install/41068_ignition_bringup/share/41068_ignition_bringup/models/forest_wall/model.sdf
[0.574s] -- Symlinking: /home/sophie/git/rs1_2025_soil/install/41068_ignition_bringup/share/41068_ignition_bringup/models/grass_plane/materials/textures/empty_grass.png
[0.584s] -- Symlinking: /home/sophie/git/rs1_2025_soil/install/41068_ignition_bringup/share/41068_ignition_bringup/models/grass_plane/model.config
[0.592s] -- Symlinking: /home/sophie/git/rs1_2025_soil/install/41068_ignition_bringup/share/41068_ignition_bringup/models/grass_plane/model.sdf
[0.602s] -- Symlinking: /home/sophie/git/rs1_2025_soil/install/41068_ignition_bringup/share/41068_ignition_bringup/urdf/common_properties.urdf.xacro
[0.611s] -- Symlinking: /home/sophie/git/rs1_2025_soil/install/41068_ignition_bringup/share/41068_ignition_bringup/urdf/husky.gazebo.xacro
[0.622s] -- Symlinking: /home/sophie/git/rs1_2025_soil/install/41068_ignition_bringup/share/41068_ignition_bringup/urdf/husky.urdf.xacro
[0.630s] -- Symlinking: /home/sophie/git/rs1_2025_soil/install/41068_ignition_bringup/share/41068_ignition_bringup/urdf/meshes/base_link.dae
[0.641s] -- Symlinking: /home/sophie/git/rs1_2025_soil/install/41068_ignition_bringup/share/41068_ignition_bringup/urdf/meshes/bumper.dae
[0.651s] -- Symlinking: /home/sophie/git/rs1_2025_soil/install/41068_ignition_bringup/share/41068_ignition_bringup/urdf/meshes/jpl04_arch_nosensor.stl
[0.662s] -- Symlinking: /home/sophie/git/rs1_2025_soil/install/41068_ignition_bringup/share/41068_ignition_bringup/urdf/meshes/top_chassis.dae
[0.670s] -- Symlinking: /home/sophie/git/rs1_2025_soil/install/41068_ignition_bringup/share/41068_ignition_bringup/urdf/meshes/top_plate.dae
[0.677s] -- Symlinking: /home/sophie/git/rs1_2025_soil/install/41068_ignition_bringup/share/41068_ignition_bringup/urdf/meshes/wheel.dae
[0.687s] -- Symlinking: /home/sophie/git/rs1_2025_soil/install/41068_ignition_bringup/share/41068_ignition_bringup/urdf/wheel.urdf.xacro
[0.696s] -- Symlinking: /home/sophie/git/rs1_2025_soil/install/41068_ignition_bringup/share/41068_ignition_bringup/worlds/large_demo.sdf
[0.705s] -- Symlinking: /home/sophie/git/rs1_2025_soil/install/41068_ignition_bringup/share/41068_ignition_bringup/worlds/simple_trees.sdf
[0.714s] -- Symlinking: /home/sophie/git/rs1_2025_soil/install/41068_ignition_bringup/share/ament_index/resource_index/package_run_dependencies/41068_ignition_bringup
[0.724s] -- Symlinking: /home/sophie/git/rs1_2025_soil/install/41068_ignition_bringup/share/ament_index/resource_index/parent_prefix_path/41068_ignition_bringup
[0.734s] -- Symlinking: /home/sophie/git/rs1_2025_soil/install/41068_ignition_bringup/share/41068_ignition_bringup/environment/ament_prefix_path.sh
[0.745s] -- Symlinking: /home/sophie/git/rs1_2025_soil/install/41068_ignition_bringup/share/41068_ignition_bringup/environment/ament_prefix_path.dsv
[0.755s] -- Symlinking: /home/sophie/git/rs1_2025_soil/install/41068_ignition_bringup/share/41068_ignition_bringup/environment/path.sh
[0.765s] -- Symlinking: /home/sophie/git/rs1_2025_soil/install/41068_ignition_bringup/share/41068_ignition_bringup/environment/path.dsv
[0.774s] -- Symlinking: /home/sophie/git/rs1_2025_soil/install/41068_ignition_bringup/share/41068_ignition_bringup/local_setup.bash
[0.784s] -- Symlinking: /home/sophie/git/rs1_2025_soil/install/41068_ignition_bringup/share/41068_ignition_bringup/local_setup.sh
[0.793s] -- Symlinking: /home/sophie/git/rs1_2025_soil/install/41068_ignition_bringup/share/41068_ignition_bringup/local_setup.zsh
[0.802s] -- Symlinking: /home/sophie/git/rs1_2025_soil/install/41068_ignition_bringup/share/41068_ignition_bringup/local_setup.dsv
[0.809s] -- Symlinking: /home/sophie/git/rs1_2025_soil/install/41068_ignition_bringup/share/41068_ignition_bringup/package.dsv
[0.818s] -- Symlinking: /home/sophie/git/rs1_2025_soil/install/41068_ignition_bringup/share/ament_index/resource_index/packages/41068_ignition_bringup
[0.830s] -- Symlinking: /home/sophie/git/rs1_2025_soil/install/41068_ignition_bringup/share/41068_ignition_bringup/cmake/41068_ignition_bringupConfig.cmake
[0.840s] -- Symlinking: /home/sophie/git/rs1_2025_soil/install/41068_ignition_bringup/share/41068_ignition_bringup/cmake/41068_ignition_bringupConfig-version.cmake
[0.852s] -- Symlinking: /home/sophie/git/rs1_2025_soil/install/41068_ignition_bringup/share/41068_ignition_bringup/package.xml
[0.864s] Invoked command in '/home/sophie/git/rs1_2025_soil/build/41068_ignition_bringup' returned '0': CMAKE_PREFIX_PATH=/opt/ros/humble /usr/bin/cmake --install /home/sophie/git/rs1_2025_soil/build/41068_ignition_bringup
